{"C:\\Users\\wlad_\\mentora-me\\src\\app.js": {"path":"C:\\Users\\wlad_\\mentora-me\\src\\app.js","all":false,"statementMap":{"0":{"start":{"line":1,"column":0},"end":{"line":1,"column":26}},"1":{"start":{"line":2,"column":0},"end":{"line":2,"column":63}},"2":{"start":{"line":3,"column":0},"end":{"line":3,"column":3}},"3":{"start":{"line":4,"column":0},"end":{"line":4,"column":30}},"4":{"start":{"line":5,"column":0},"end":{"line":5,"column":33}},"5":{"start":{"line":6,"column":0},"end":{"line":6,"column":34}},"6":{"start":{"line":7,"column":0},"end":{"line":7,"column":43}},"7":{"start":{"line":8,"column":0},"end":{"line":8,"column":46}},"8":{"start":{"line":9,"column":0},"end":{"line":9,"column":0}},"9":{"start":{"line":10,"column":0},"end":{"line":10,"column":11}},"10":{"start":{"line":11,"column":0},"end":{"line":11,"column":17}},"11":{"start":{"line":12,"column":0},"end":{"line":12,"column":28}},"12":{"start":{"line":13,"column":0},"end":{"line":13,"column":24}},"13":{"start":{"line":14,"column":0},"end":{"line":14,"column":23}},"14":{"start":{"line":15,"column":0},"end":{"line":15,"column":20}},"15":{"start":{"line":16,"column":0},"end":{"line":16,"column":18}},"16":{"start":{"line":17,"column":0},"end":{"line":17,"column":3}},"17":{"start":{"line":18,"column":0},"end":{"line":18,"column":17}},"18":{"start":{"line":19,"column":0},"end":{"line":19,"column":36}},"19":{"start":{"line":20,"column":0},"end":{"line":20,"column":41}},"20":{"start":{"line":21,"column":0},"end":{"line":21,"column":56}},"21":{"start":{"line":22,"column":0},"end":{"line":22,"column":64}},"22":{"start":{"line":23,"column":0},"end":{"line":23,"column":20}},"23":{"start":{"line":24,"column":0},"end":{"line":24,"column":39}},"24":{"start":{"line":25,"column":0},"end":{"line":25,"column":43}},"25":{"start":{"line":26,"column":0},"end":{"line":26,"column":8}},"26":{"start":{"line":27,"column":0},"end":{"line":27,"column":20}},"27":{"start":{"line":28,"column":0},"end":{"line":28,"column":39}},"28":{"start":{"line":29,"column":0},"end":{"line":29,"column":148}},"29":{"start":{"line":30,"column":0},"end":{"line":30,"column":8}},"30":{"start":{"line":31,"column":0},"end":{"line":31,"column":13}},"31":{"start":{"line":32,"column":0},"end":{"line":32,"column":7}},"32":{"start":{"line":33,"column":0},"end":{"line":33,"column":3}},"33":{"start":{"line":34,"column":0},"end":{"line":34,"column":12}},"34":{"start":{"line":35,"column":0},"end":{"line":35,"column":28}},"35":{"start":{"line":36,"column":0},"end":{"line":36,"column":3}},"36":{"start":{"line":37,"column":0},"end":{"line":37,"column":14}},"37":{"start":{"line":38,"column":0},"end":{"line":38,"column":20}},"38":{"start":{"line":39,"column":0},"end":{"line":39,"column":23}},"39":{"start":{"line":40,"column":0},"end":{"line":40,"column":22}},"40":{"start":{"line":41,"column":0},"end":{"line":41,"column":38}},"41":{"start":{"line":42,"column":0},"end":{"line":42,"column":6}},"42":{"start":{"line":43,"column":0},"end":{"line":43,"column":3}},"43":{"start":{"line":44,"column":0},"end":{"line":44,"column":24}},"44":{"start":{"line":45,"column":0},"end":{"line":45,"column":9}},"45":{"start":{"line":46,"column":0},"end":{"line":46,"column":30}},"46":{"start":{"line":47,"column":0},"end":{"line":47,"column":72}},"47":{"start":{"line":48,"column":0},"end":{"line":48,"column":19}},"48":{"start":{"line":49,"column":0},"end":{"line":49,"column":80}},"49":{"start":{"line":50,"column":0},"end":{"line":50,"column":5}},"50":{"start":{"line":51,"column":0},"end":{"line":51,"column":3}},"51":{"start":{"line":52,"column":0},"end":{"line":52,"column":1}},"52":{"start":{"line":53,"column":0},"end":{"line":53,"column":0}},"53":{"start":{"line":54,"column":0},"end":{"line":54,"column":32}}},"s":{"0":1,"1":1,"2":1,"3":1,"4":1,"5":1,"6":1,"7":1,"8":1,"9":1,"10":1,"11":13,"12":13,"13":13,"14":13,"15":13,"16":13,"17":1,"18":13,"19":13,"20":731,"21":731,"22":731,"23":731,"24":731,"25":731,"26":731,"27":731,"28":731,"29":731,"30":731,"31":13,"32":13,"33":1,"34":13,"35":13,"36":1,"37":13,"38":13,"39":13,"40":13,"41":13,"42":13,"43":1,"44":13,"45":13,"46":13,"47":13,"48":0,"49":0,"50":13,"51":1,"52":1,"53":1},"branchMap":{"0":{"type":"branch","line":2,"loc":{"start":{"line":2,"column":55},"end":{"line":2,"column":63}},"locations":[{"start":{"line":2,"column":55},"end":{"line":2,"column":63}}]},"1":{"type":"branch","line":11,"loc":{"start":{"line":11,"column":3},"end":{"line":17,"column":3}},"locations":[{"start":{"line":11,"column":3},"end":{"line":17,"column":3}}]},"2":{"type":"branch","line":18,"loc":{"start":{"line":18,"column":3},"end":{"line":33,"column":3}},"locations":[{"start":{"line":18,"column":3},"end":{"line":33,"column":3}}]},"3":{"type":"branch","line":20,"loc":{"start":{"line":20,"column":21},"end":{"line":32,"column":6}},"locations":[{"start":{"line":20,"column":21},"end":{"line":32,"column":6}}]},"4":{"type":"branch","line":34,"loc":{"start":{"line":34,"column":3},"end":{"line":36,"column":3}},"locations":[{"start":{"line":34,"column":3},"end":{"line":36,"column":3}}]},"5":{"type":"branch","line":37,"loc":{"start":{"line":37,"column":3},"end":{"line":43,"column":3}},"locations":[{"start":{"line":37,"column":3},"end":{"line":43,"column":3}}]},"6":{"type":"branch","line":44,"loc":{"start":{"line":44,"column":3},"end":{"line":51,"column":3}},"locations":[{"start":{"line":44,"column":3},"end":{"line":51,"column":3}}]},"7":{"type":"branch","line":48,"loc":{"start":{"line":48,"column":7},"end":{"line":50,"column":5}},"locations":[{"start":{"line":48,"column":7},"end":{"line":50,"column":5}}]}},"b":{"0":[0],"1":[13],"2":[13],"3":[731],"4":[13],"5":[13],"6":[13],"7":[0]},"fnMap":{"0":{"name":"App","decl":{"start":{"line":11,"column":3},"end":{"line":17,"column":3}},"loc":{"start":{"line":11,"column":3},"end":{"line":17,"column":3}},"line":11},"1":{"name":"middlewares","decl":{"start":{"line":18,"column":3},"end":{"line":33,"column":3}},"loc":{"start":{"line":18,"column":3},"end":{"line":33,"column":3}},"line":18},"2":{"name":"routes","decl":{"start":{"line":34,"column":3},"end":{"line":36,"column":3}},"loc":{"start":{"line":34,"column":3},"end":{"line":36,"column":3}},"line":34},"3":{"name":"document","decl":{"start":{"line":37,"column":3},"end":{"line":43,"column":3}},"loc":{"start":{"line":37,"column":3},"end":{"line":43,"column":3}},"line":37},"4":{"name":"initializeDB","decl":{"start":{"line":44,"column":3},"end":{"line":51,"column":3}},"loc":{"start":{"line":44,"column":3},"end":{"line":51,"column":3}},"line":44}},"f":{"0":13,"1":13,"2":13,"3":13,"4":13}}
,"C:\\Users\\wlad_\\mentora-me\\src\\routes.js": {"path":"C:\\Users\\wlad_\\mentora-me\\src\\routes.js","all":false,"statementMap":{"0":{"start":{"line":1,"column":0},"end":{"line":1,"column":33}},"1":{"start":{"line":2,"column":0},"end":{"line":2,"column":0}},"2":{"start":{"line":3,"column":0},"end":{"line":3,"column":65}},"3":{"start":{"line":4,"column":0},"end":{"line":4,"column":63}},"4":{"start":{"line":5,"column":0},"end":{"line":5,"column":59}},"5":{"start":{"line":6,"column":0},"end":{"line":6,"column":75}},"6":{"start":{"line":7,"column":0},"end":{"line":7,"column":71}},"7":{"start":{"line":8,"column":0},"end":{"line":8,"column":73}},"8":{"start":{"line":9,"column":0},"end":{"line":9,"column":0}},"9":{"start":{"line":10,"column":0},"end":{"line":10,"column":82}},"10":{"start":{"line":11,"column":0},"end":{"line":11,"column":82}},"11":{"start":{"line":12,"column":0},"end":{"line":12,"column":78}},"12":{"start":{"line":13,"column":0},"end":{"line":13,"column":78}},"13":{"start":{"line":14,"column":0},"end":{"line":14,"column":82}},"14":{"start":{"line":15,"column":0},"end":{"line":15,"column":0}},"15":{"start":{"line":16,"column":0},"end":{"line":16,"column":85}},"16":{"start":{"line":17,"column":0},"end":{"line":17,"column":81}},"17":{"start":{"line":18,"column":0},"end":{"line":18,"column":81}},"18":{"start":{"line":19,"column":0},"end":{"line":19,"column":85}},"19":{"start":{"line":20,"column":0},"end":{"line":20,"column":85}},"20":{"start":{"line":21,"column":0},"end":{"line":21,"column":0}},"21":{"start":{"line":22,"column":0},"end":{"line":22,"column":88}},"22":{"start":{"line":23,"column":0},"end":{"line":23,"column":84}},"23":{"start":{"line":24,"column":0},"end":{"line":24,"column":84}},"24":{"start":{"line":25,"column":0},"end":{"line":25,"column":88}},"25":{"start":{"line":26,"column":0},"end":{"line":26,"column":88}},"26":{"start":{"line":27,"column":0},"end":{"line":27,"column":73}},"27":{"start":{"line":28,"column":0},"end":{"line":28,"column":96}},"28":{"start":{"line":29,"column":0},"end":{"line":29,"column":98}},"29":{"start":{"line":30,"column":0},"end":{"line":30,"column":98}},"30":{"start":{"line":31,"column":0},"end":{"line":31,"column":102}},"31":{"start":{"line":32,"column":0},"end":{"line":32,"column":0}},"32":{"start":{"line":33,"column":0},"end":{"line":33,"column":107}},"33":{"start":{"line":34,"column":0},"end":{"line":34,"column":125}},"34":{"start":{"line":35,"column":0},"end":{"line":35,"column":121}},"35":{"start":{"line":36,"column":0},"end":{"line":36,"column":118}},"36":{"start":{"line":37,"column":0},"end":{"line":37,"column":122}},"37":{"start":{"line":38,"column":0},"end":{"line":38,"column":102}},"38":{"start":{"line":39,"column":0},"end":{"line":39,"column":125}},"39":{"start":{"line":40,"column":0},"end":{"line":40,"column":122}},"40":{"start":{"line":41,"column":0},"end":{"line":41,"column":107}},"41":{"start":{"line":42,"column":0},"end":{"line":42,"column":103}},"42":{"start":{"line":43,"column":0},"end":{"line":43,"column":103}},"43":{"start":{"line":44,"column":0},"end":{"line":44,"column":107}},"44":{"start":{"line":45,"column":0},"end":{"line":45,"column":102}},"45":{"start":{"line":46,"column":0},"end":{"line":46,"column":114}},"46":{"start":{"line":47,"column":0},"end":{"line":47,"column":102}},"47":{"start":{"line":48,"column":0},"end":{"line":48,"column":82}},"48":{"start":{"line":49,"column":0},"end":{"line":49,"column":89}},"49":{"start":{"line":50,"column":0},"end":{"line":50,"column":91}},"50":{"start":{"line":51,"column":0},"end":{"line":51,"column":0}},"51":{"start":{"line":52,"column":0},"end":{"line":52,"column":49}},"52":{"start":{"line":53,"column":0},"end":{"line":53,"column":102}},"53":{"start":{"line":54,"column":0},"end":{"line":54,"column":0}},"54":{"start":{"line":55,"column":0},"end":{"line":55,"column":65}},"55":{"start":{"line":56,"column":0},"end":{"line":56,"column":0}},"56":{"start":{"line":57,"column":0},"end":{"line":57,"column":28}},"57":{"start":{"line":58,"column":0},"end":{"line":58,"column":0}},"58":{"start":{"line":59,"column":0},"end":{"line":59,"column":11}},"59":{"start":{"line":60,"column":0},"end":{"line":60,"column":6}},"60":{"start":{"line":61,"column":0},"end":{"line":61,"column":36}},"61":{"start":{"line":62,"column":0},"end":{"line":62,"column":36}},"62":{"start":{"line":63,"column":0},"end":{"line":63,"column":28}},"63":{"start":{"line":64,"column":0},"end":{"line":64,"column":3}},"64":{"start":{"line":65,"column":0},"end":{"line":65,"column":0}},"65":{"start":{"line":66,"column":0},"end":{"line":66,"column":43}},"66":{"start":{"line":67,"column":0},"end":{"line":67,"column":38}},"67":{"start":{"line":68,"column":0},"end":{"line":68,"column":28}},"68":{"start":{"line":69,"column":0},"end":{"line":69,"column":3}},"69":{"start":{"line":70,"column":0},"end":{"line":70,"column":12}},"70":{"start":{"line":71,"column":0},"end":{"line":71,"column":11}},"71":{"start":{"line":72,"column":0},"end":{"line":72,"column":16}},"72":{"start":{"line":73,"column":0},"end":{"line":73,"column":53}},"73":{"start":{"line":74,"column":0},"end":{"line":74,"column":28}},"74":{"start":{"line":75,"column":0},"end":{"line":75,"column":2}},"75":{"start":{"line":76,"column":0},"end":{"line":76,"column":9}},"76":{"start":{"line":77,"column":0},"end":{"line":77,"column":75}},"77":{"start":{"line":78,"column":0},"end":{"line":78,"column":0}},"78":{"start":{"line":79,"column":0},"end":{"line":79,"column":8}},"79":{"start":{"line":80,"column":0},"end":{"line":80,"column":73}},"80":{"start":{"line":81,"column":0},"end":{"line":81,"column":0}},"81":{"start":{"line":82,"column":0},"end":{"line":82,"column":42}},"82":{"start":{"line":83,"column":0},"end":{"line":83,"column":45}},"83":{"start":{"line":84,"column":0},"end":{"line":84,"column":3}},"84":{"start":{"line":85,"column":0},"end":{"line":85,"column":10}},"85":{"start":{"line":86,"column":0},"end":{"line":86,"column":39}},"86":{"start":{"line":87,"column":0},"end":{"line":87,"column":44}},"87":{"start":{"line":88,"column":0},"end":{"line":88,"column":3}},"88":{"start":{"line":89,"column":0},"end":{"line":89,"column":44}},"89":{"start":{"line":90,"column":0},"end":{"line":90,"column":37}},"90":{"start":{"line":91,"column":0},"end":{"line":91,"column":2}},"91":{"start":{"line":92,"column":0},"end":{"line":92,"column":14}},"92":{"start":{"line":93,"column":0},"end":{"line":93,"column":21}},"93":{"start":{"line":94,"column":0},"end":{"line":94,"column":0}},"94":{"start":{"line":95,"column":0},"end":{"line":95,"column":12}},"95":{"start":{"line":96,"column":0},"end":{"line":96,"column":49}},"96":{"start":{"line":97,"column":0},"end":{"line":97,"column":39}},"97":{"start":{"line":98,"column":0},"end":{"line":98,"column":2}},"98":{"start":{"line":99,"column":0},"end":{"line":99,"column":77}},"99":{"start":{"line":100,"column":0},"end":{"line":100,"column":41}},"100":{"start":{"line":101,"column":0},"end":{"line":101,"column":36}},"101":{"start":{"line":102,"column":0},"end":{"line":102,"column":28}},"102":{"start":{"line":103,"column":0},"end":{"line":103,"column":3}},"103":{"start":{"line":104,"column":0},"end":{"line":104,"column":0}},"104":{"start":{"line":105,"column":0},"end":{"line":105,"column":15}},"105":{"start":{"line":106,"column":0},"end":{"line":106,"column":0}},"106":{"start":{"line":107,"column":0},"end":{"line":107,"column":56}},"107":{"start":{"line":108,"column":0},"end":{"line":108,"column":42}},"108":{"start":{"line":109,"column":0},"end":{"line":109,"column":2}},"109":{"start":{"line":110,"column":0},"end":{"line":110,"column":55}},"110":{"start":{"line":111,"column":0},"end":{"line":111,"column":42}},"111":{"start":{"line":112,"column":0},"end":{"line":112,"column":2}},"112":{"start":{"line":113,"column":0},"end":{"line":113,"column":40}},"113":{"start":{"line":114,"column":0},"end":{"line":114,"column":42}},"114":{"start":{"line":115,"column":0},"end":{"line":115,"column":2}},"115":{"start":{"line":116,"column":0},"end":{"line":116,"column":47}},"116":{"start":{"line":117,"column":0},"end":{"line":117,"column":40}},"117":{"start":{"line":118,"column":0},"end":{"line":118,"column":3}},"118":{"start":{"line":119,"column":0},"end":{"line":119,"column":80}},"119":{"start":{"line":120,"column":0},"end":{"line":120,"column":50}},"120":{"start":{"line":121,"column":0},"end":{"line":121,"column":50}},"121":{"start":{"line":122,"column":0},"end":{"line":122,"column":3}},"122":{"start":{"line":123,"column":0},"end":{"line":123,"column":0}},"123":{"start":{"line":124,"column":0},"end":{"line":124,"column":71}},"124":{"start":{"line":125,"column":0},"end":{"line":125,"column":38}},"125":{"start":{"line":126,"column":0},"end":{"line":126,"column":3}},"126":{"start":{"line":127,"column":0},"end":{"line":127,"column":73}},"127":{"start":{"line":128,"column":0},"end":{"line":128,"column":44}},"128":{"start":{"line":129,"column":0},"end":{"line":129,"column":3}},"129":{"start":{"line":130,"column":0},"end":{"line":130,"column":0}},"130":{"start":{"line":131,"column":0},"end":{"line":131,"column":73}},"131":{"start":{"line":132,"column":0},"end":{"line":132,"column":54}},"132":{"start":{"line":133,"column":0},"end":{"line":133,"column":3}},"133":{"start":{"line":134,"column":0},"end":{"line":134,"column":0}},"134":{"start":{"line":135,"column":0},"end":{"line":135,"column":72}},"135":{"start":{"line":136,"column":0},"end":{"line":136,"column":54}},"136":{"start":{"line":137,"column":0},"end":{"line":137,"column":3}},"137":{"start":{"line":138,"column":0},"end":{"line":138,"column":0}},"138":{"start":{"line":139,"column":0},"end":{"line":139,"column":53}},"139":{"start":{"line":140,"column":0},"end":{"line":140,"column":40}},"140":{"start":{"line":141,"column":0},"end":{"line":141,"column":3}},"141":{"start":{"line":142,"column":0},"end":{"line":142,"column":49}},"142":{"start":{"line":143,"column":0},"end":{"line":143,"column":47}},"143":{"start":{"line":144,"column":0},"end":{"line":144,"column":3}},"144":{"start":{"line":145,"column":0},"end":{"line":145,"column":0}},"145":{"start":{"line":146,"column":0},"end":{"line":146,"column":14}},"146":{"start":{"line":147,"column":0},"end":{"line":147,"column":0}},"147":{"start":{"line":148,"column":0},"end":{"line":148,"column":54}},"148":{"start":{"line":149,"column":0},"end":{"line":149,"column":41}},"149":{"start":{"line":150,"column":0},"end":{"line":150,"column":2}},"150":{"start":{"line":151,"column":0},"end":{"line":151,"column":53}},"151":{"start":{"line":152,"column":0},"end":{"line":152,"column":41}},"152":{"start":{"line":153,"column":0},"end":{"line":153,"column":2}},"153":{"start":{"line":154,"column":0},"end":{"line":154,"column":39}},"154":{"start":{"line":155,"column":0},"end":{"line":155,"column":41}},"155":{"start":{"line":156,"column":0},"end":{"line":156,"column":2}},"156":{"start":{"line":157,"column":0},"end":{"line":157,"column":48}},"157":{"start":{"line":158,"column":0},"end":{"line":158,"column":42}},"158":{"start":{"line":159,"column":0},"end":{"line":159,"column":3}},"159":{"start":{"line":160,"column":0},"end":{"line":160,"column":49}},"160":{"start":{"line":161,"column":0},"end":{"line":161,"column":49}},"161":{"start":{"line":162,"column":0},"end":{"line":162,"column":3}},"162":{"start":{"line":163,"column":0},"end":{"line":163,"column":70}},"163":{"start":{"line":164,"column":0},"end":{"line":164,"column":46}},"164":{"start":{"line":165,"column":0},"end":{"line":165,"column":3}},"165":{"start":{"line":166,"column":0},"end":{"line":166,"column":62}},"166":{"start":{"line":167,"column":0},"end":{"line":167,"column":42}},"167":{"start":{"line":168,"column":0},"end":{"line":168,"column":3}},"168":{"start":{"line":169,"column":0},"end":{"line":169,"column":11}},"169":{"start":{"line":170,"column":0},"end":{"line":170,"column":37}},"170":{"start":{"line":171,"column":0},"end":{"line":171,"column":22}},"171":{"start":{"line":172,"column":0},"end":{"line":172,"column":17}},"172":{"start":{"line":173,"column":0},"end":{"line":173,"column":48}},"173":{"start":{"line":174,"column":0},"end":{"line":174,"column":3}},"174":{"start":{"line":175,"column":0},"end":{"line":175,"column":2}},"175":{"start":{"line":176,"column":0},"end":{"line":176,"column":65}},"176":{"start":{"line":177,"column":0},"end":{"line":177,"column":46}},"177":{"start":{"line":178,"column":0},"end":{"line":178,"column":3}},"178":{"start":{"line":179,"column":0},"end":{"line":179,"column":0}},"179":{"start":{"line":180,"column":0},"end":{"line":180,"column":72}},"180":{"start":{"line":181,"column":0},"end":{"line":181,"column":53}},"181":{"start":{"line":182,"column":0},"end":{"line":182,"column":3}},"182":{"start":{"line":183,"column":0},"end":{"line":183,"column":0}},"183":{"start":{"line":184,"column":0},"end":{"line":184,"column":71}},"184":{"start":{"line":185,"column":0},"end":{"line":185,"column":53}},"185":{"start":{"line":186,"column":0},"end":{"line":186,"column":3}},"186":{"start":{"line":187,"column":0},"end":{"line":187,"column":0}},"187":{"start":{"line":188,"column":0},"end":{"line":188,"column":16}},"188":{"start":{"line":189,"column":0},"end":{"line":189,"column":63}},"189":{"start":{"line":190,"column":0},"end":{"line":190,"column":48}},"190":{"start":{"line":191,"column":0},"end":{"line":191,"column":3}},"191":{"start":{"line":192,"column":0},"end":{"line":192,"column":46}},"192":{"start":{"line":193,"column":0},"end":{"line":193,"column":48}},"193":{"start":{"line":194,"column":0},"end":{"line":194,"column":3}},"194":{"start":{"line":195,"column":0},"end":{"line":195,"column":0}},"195":{"start":{"line":196,"column":0},"end":{"line":196,"column":8}},"196":{"start":{"line":197,"column":0},"end":{"line":197,"column":57}},"197":{"start":{"line":198,"column":0},"end":{"line":198,"column":37}},"198":{"start":{"line":199,"column":0},"end":{"line":199,"column":3}},"199":{"start":{"line":200,"column":0},"end":{"line":200,"column":38}},"200":{"start":{"line":201,"column":0},"end":{"line":201,"column":39}},"201":{"start":{"line":202,"column":0},"end":{"line":202,"column":3}},"202":{"start":{"line":203,"column":0},"end":{"line":203,"column":13}},"203":{"start":{"line":204,"column":0},"end":{"line":204,"column":0}},"204":{"start":{"line":205,"column":0},"end":{"line":205,"column":13}},"205":{"start":{"line":206,"column":0},"end":{"line":206,"column":44}},"206":{"start":{"line":207,"column":0},"end":{"line":207,"column":34}},"207":{"start":{"line":208,"column":0},"end":{"line":208,"column":3}},"208":{"start":{"line":209,"column":0},"end":{"line":209,"column":0}},"209":{"start":{"line":210,"column":0},"end":{"line":210,"column":31}},"210":{"start":{"line":211,"column":0},"end":{"line":211,"column":63}},"211":{"start":{"line":212,"column":0},"end":{"line":212,"column":3}},"212":{"start":{"line":213,"column":0},"end":{"line":213,"column":22}}},"s":{"0":1,"1":1,"2":1,"3":1,"4":1,"5":1,"6":1,"7":1,"8":1,"9":1,"10":1,"11":1,"12":1,"13":1,"14":1,"15":1,"16":1,"17":1,"18":1,"19":1,"20":1,"21":1,"22":1,"23":1,"24":1,"25":1,"26":1,"27":1,"28":1,"29":1,"30":1,"31":1,"32":1,"33":1,"34":1,"35":1,"36":1,"37":1,"38":1,"39":1,"40":1,"41":1,"42":1,"43":1,"44":1,"45":1,"46":1,"47":1,"48":1,"49":1,"50":1,"51":1,"52":1,"53":1,"54":1,"55":1,"56":1,"57":1,"58":1,"59":1,"60":1,"61":2,"62":2,"63":1,"64":1,"65":1,"66":171,"67":171,"68":1,"69":1,"70":1,"71":1,"72":1,"73":1,"74":1,"75":1,"76":1,"77":1,"78":1,"79":1,"80":1,"81":1,"82":1,"83":1,"84":1,"85":1,"86":1,"87":1,"88":1,"89":2,"90":1,"91":1,"92":1,"93":1,"94":1,"95":1,"96":2,"97":1,"98":1,"99":1,"100":1,"101":1,"102":1,"103":1,"104":1,"105":1,"106":1,"107":50,"108":1,"109":1,"110":3,"111":1,"112":1,"113":3,"114":1,"115":1,"116":3,"117":1,"118":1,"119":1,"120":3,"121":1,"122":1,"123":1,"124":10,"125":1,"126":1,"127":3,"128":1,"129":1,"130":1,"131":10,"132":1,"133":1,"134":1,"135":3,"136":1,"137":1,"138":1,"139":4,"140":1,"141":1,"142":3,"143":1,"144":1,"145":1,"146":1,"147":1,"148":68,"149":1,"150":1,"151":3,"152":1,"153":1,"154":3,"155":1,"156":1,"157":2,"158":1,"159":1,"160":3,"161":1,"162":1,"163":19,"164":1,"165":1,"166":3,"167":1,"168":1,"169":1,"170":1,"171":1,"172":4,"173":4,"174":1,"175":1,"176":3,"177":1,"178":1,"179":1,"180":21,"181":1,"182":1,"183":1,"184":3,"185":1,"186":1,"187":1,"188":1,"189":83,"190":1,"191":1,"192":2,"193":1,"194":1,"195":1,"196":1,"197":2,"198":1,"199":1,"200":1,"201":1,"202":1,"203":1,"204":1,"205":1,"206":4,"207":1,"208":1,"209":1,"210":0,"211":1,"212":1},"branchMap":{"0":{"type":"branch","line":61,"loc":{"start":{"line":61,"column":22},"end":{"line":64,"column":2}},"locations":[{"start":{"line":61,"column":22},"end":{"line":64,"column":2}}]},"1":{"type":"branch","line":66,"loc":{"start":{"line":66,"column":29},"end":{"line":69,"column":2}},"locations":[{"start":{"line":66,"column":29},"end":{"line":69,"column":2}}]},"2":{"type":"branch","line":73,"loc":{"start":{"line":73,"column":3},"end":{"line":73,"column":53}},"locations":[{"start":{"line":73,"column":3},"end":{"line":73,"column":53}}]},"3":{"type":"branch","line":77,"loc":{"start":{"line":77,"column":24},"end":{"line":77,"column":74}},"locations":[{"start":{"line":77,"column":24},"end":{"line":77,"column":74}}]},"4":{"type":"branch","line":80,"loc":{"start":{"line":80,"column":23},"end":{"line":80,"column":72}},"locations":[{"start":{"line":80,"column":23},"end":{"line":80,"column":72}}]},"5":{"type":"branch","line":82,"loc":{"start":{"line":82,"column":28},"end":{"line":84,"column":2}},"locations":[{"start":{"line":82,"column":28},"end":{"line":84,"column":2}}]},"6":{"type":"branch","line":86,"loc":{"start":{"line":86,"column":25},"end":{"line":88,"column":2}},"locations":[{"start":{"line":86,"column":25},"end":{"line":88,"column":2}}]},"7":{"type":"branch","line":89,"loc":{"start":{"line":89,"column":32},"end":{"line":90,"column":37}},"locations":[{"start":{"line":89,"column":32},"end":{"line":90,"column":37}}]},"8":{"type":"branch","line":96,"loc":{"start":{"line":96,"column":37},"end":{"line":97,"column":39}},"locations":[{"start":{"line":96,"column":37},"end":{"line":97,"column":39}}]},"9":{"type":"branch","line":99,"loc":{"start":{"line":99,"column":25},"end":{"line":99,"column":76}},"locations":[{"start":{"line":99,"column":25},"end":{"line":99,"column":76}}]},"10":{"type":"branch","line":100,"loc":{"start":{"line":100,"column":27},"end":{"line":103,"column":2}},"locations":[{"start":{"line":100,"column":27},"end":{"line":103,"column":2}}]},"11":{"type":"branch","line":107,"loc":{"start":{"line":107,"column":44},"end":{"line":108,"column":42}},"locations":[{"start":{"line":107,"column":44},"end":{"line":108,"column":42}}]},"12":{"type":"branch","line":110,"loc":{"start":{"line":110,"column":43},"end":{"line":111,"column":42}},"locations":[{"start":{"line":110,"column":43},"end":{"line":111,"column":42}}]},"13":{"type":"branch","line":113,"loc":{"start":{"line":113,"column":28},"end":{"line":114,"column":42}},"locations":[{"start":{"line":113,"column":28},"end":{"line":114,"column":42}}]},"14":{"type":"branch","line":116,"loc":{"start":{"line":116,"column":33},"end":{"line":118,"column":2}},"locations":[{"start":{"line":116,"column":33},"end":{"line":118,"column":2}}]},"15":{"type":"branch","line":119,"loc":{"start":{"line":119,"column":29},"end":{"line":119,"column":79}},"locations":[{"start":{"line":119,"column":29},"end":{"line":119,"column":79}}]},"16":{"type":"branch","line":120,"loc":{"start":{"line":120,"column":36},"end":{"line":122,"column":2}},"locations":[{"start":{"line":120,"column":36},"end":{"line":122,"column":2}}]},"17":{"type":"branch","line":124,"loc":{"start":{"line":124,"column":57},"end":{"line":126,"column":2}},"locations":[{"start":{"line":124,"column":57},"end":{"line":126,"column":2}}]},"18":{"type":"branch","line":127,"loc":{"start":{"line":127,"column":59},"end":{"line":129,"column":2}},"locations":[{"start":{"line":127,"column":59},"end":{"line":129,"column":2}}]},"19":{"type":"branch","line":131,"loc":{"start":{"line":131,"column":59},"end":{"line":133,"column":2}},"locations":[{"start":{"line":131,"column":59},"end":{"line":133,"column":2}}]},"20":{"type":"branch","line":135,"loc":{"start":{"line":135,"column":58},"end":{"line":137,"column":2}},"locations":[{"start":{"line":135,"column":58},"end":{"line":137,"column":2}}]},"21":{"type":"branch","line":139,"loc":{"start":{"line":139,"column":39},"end":{"line":141,"column":2}},"locations":[{"start":{"line":139,"column":39},"end":{"line":141,"column":2}}]},"22":{"type":"branch","line":142,"loc":{"start":{"line":142,"column":35},"end":{"line":144,"column":2}},"locations":[{"start":{"line":142,"column":35},"end":{"line":144,"column":2}}]},"23":{"type":"branch","line":148,"loc":{"start":{"line":148,"column":42},"end":{"line":149,"column":41}},"locations":[{"start":{"line":148,"column":42},"end":{"line":149,"column":41}}]},"24":{"type":"branch","line":151,"loc":{"start":{"line":151,"column":41},"end":{"line":152,"column":41}},"locations":[{"start":{"line":151,"column":41},"end":{"line":152,"column":41}}]},"25":{"type":"branch","line":154,"loc":{"start":{"line":154,"column":27},"end":{"line":155,"column":41}},"locations":[{"start":{"line":154,"column":27},"end":{"line":155,"column":41}}]},"26":{"type":"branch","line":157,"loc":{"start":{"line":157,"column":34},"end":{"line":159,"column":2}},"locations":[{"start":{"line":157,"column":34},"end":{"line":159,"column":2}}]},"27":{"type":"branch","line":160,"loc":{"start":{"line":160,"column":35},"end":{"line":162,"column":2}},"locations":[{"start":{"line":160,"column":35},"end":{"line":162,"column":2}}]},"28":{"type":"branch","line":163,"loc":{"start":{"line":163,"column":56},"end":{"line":165,"column":2}},"locations":[{"start":{"line":163,"column":56},"end":{"line":165,"column":2}}]},"29":{"type":"branch","line":166,"loc":{"start":{"line":166,"column":48},"end":{"line":168,"column":2}},"locations":[{"start":{"line":166,"column":48},"end":{"line":168,"column":2}}]},"30":{"type":"branch","line":172,"loc":{"start":{"line":172,"column":3},"end":{"line":174,"column":3}},"locations":[{"start":{"line":172,"column":3},"end":{"line":174,"column":3}}]},"31":{"type":"branch","line":176,"loc":{"start":{"line":176,"column":51},"end":{"line":178,"column":2}},"locations":[{"start":{"line":176,"column":51},"end":{"line":178,"column":2}}]},"32":{"type":"branch","line":180,"loc":{"start":{"line":180,"column":58},"end":{"line":182,"column":2}},"locations":[{"start":{"line":180,"column":58},"end":{"line":182,"column":2}}]},"33":{"type":"branch","line":184,"loc":{"start":{"line":184,"column":57},"end":{"line":186,"column":2}},"locations":[{"start":{"line":184,"column":57},"end":{"line":186,"column":2}}]},"34":{"type":"branch","line":189,"loc":{"start":{"line":189,"column":49},"end":{"line":191,"column":2}},"locations":[{"start":{"line":189,"column":49},"end":{"line":191,"column":2}}]},"35":{"type":"branch","line":192,"loc":{"start":{"line":192,"column":32},"end":{"line":194,"column":2}},"locations":[{"start":{"line":192,"column":32},"end":{"line":194,"column":2}}]},"36":{"type":"branch","line":197,"loc":{"start":{"line":197,"column":43},"end":{"line":199,"column":2}},"locations":[{"start":{"line":197,"column":43},"end":{"line":199,"column":2}}]},"37":{"type":"branch","line":200,"loc":{"start":{"line":200,"column":24},"end":{"line":202,"column":2}},"locations":[{"start":{"line":200,"column":24},"end":{"line":202,"column":2}}]},"38":{"type":"branch","line":206,"loc":{"start":{"line":206,"column":30},"end":{"line":208,"column":2}},"locations":[{"start":{"line":206,"column":30},"end":{"line":208,"column":2}}]}},"b":{"0":[2],"1":[171],"2":[180],"3":[2],"4":[2],"5":[1],"6":[1],"7":[2],"8":[2],"9":[4],"10":[1],"11":[50],"12":[3],"13":[3],"14":[3],"15":[2],"16":[3],"17":[10],"18":[3],"19":[10],"20":[3],"21":[4],"22":[3],"23":[68],"24":[3],"25":[3],"26":[2],"27":[3],"28":[19],"29":[3],"30":[4],"31":[3],"32":[21],"33":[3],"34":[83],"35":[2],"36":[2],"37":[1],"38":[4]},"fnMap":{},"f":{}}
,"C:\\Users\\wlad_\\mentora-me\\src\\app\\controllers\\interest\\CreateInterestAreaController.js": {"path":"C:\\Users\\wlad_\\mentora-me\\src\\app\\controllers\\interest\\CreateInterestAreaController.js","all":false,"statementMap":{"0":{"start":{"line":1,"column":0},"end":{"line":1,"column":58}},"1":{"start":{"line":2,"column":0},"end":{"line":2,"column":0}},"2":{"start":{"line":3,"column":0},"end":{"line":3,"column":26}},"3":{"start":{"line":4,"column":0},"end":{"line":4,"column":26}},"4":{"start":{"line":5,"column":0},"end":{"line":5,"column":9}},"5":{"start":{"line":6,"column":0},"end":{"line":6,"column":41}},"6":{"start":{"line":7,"column":0},"end":{"line":7,"column":57}},"7":{"start":{"line":8,"column":0},"end":{"line":8,"column":49}},"8":{"start":{"line":9,"column":0},"end":{"line":9,"column":9}},"9":{"start":{"line":10,"column":0},"end":{"line":10,"column":0}},"10":{"start":{"line":11,"column":0},"end":{"line":11,"column":27}},"11":{"start":{"line":12,"column":0},"end":{"line":12,"column":18}},"12":{"start":{"line":13,"column":0},"end":{"line":13,"column":22}},"13":{"start":{"line":14,"column":0},"end":{"line":14,"column":63}},"14":{"start":{"line":15,"column":0},"end":{"line":15,"column":7}},"15":{"start":{"line":16,"column":0},"end":{"line":16,"column":0}},"16":{"start":{"line":17,"column":0},"end":{"line":17,"column":80}},"17":{"start":{"line":18,"column":0},"end":{"line":18,"column":40}},"18":{"start":{"line":19,"column":0},"end":{"line":19,"column":21}},"19":{"start":{"line":20,"column":0},"end":{"line":20,"column":60}},"20":{"start":{"line":21,"column":0},"end":{"line":21,"column":5}},"21":{"start":{"line":22,"column":0},"end":{"line":22,"column":3}},"22":{"start":{"line":23,"column":0},"end":{"line":23,"column":1}},"23":{"start":{"line":24,"column":0},"end":{"line":24,"column":0}},"24":{"start":{"line":25,"column":0},"end":{"line":25,"column":40}}},"s":{"0":1,"1":1,"2":1,"3":1,"4":83,"5":83,"6":83,"7":83,"8":83,"9":83,"10":83,"11":1,"12":1,"13":1,"14":1,"15":83,"16":82,"17":82,"18":83,"19":0,"20":0,"21":83,"22":1,"23":1,"24":1},"branchMap":{"0":{"type":"branch","line":4,"loc":{"start":{"line":4,"column":3},"end":{"line":22,"column":3}},"locations":[{"start":{"line":4,"column":3},"end":{"line":22,"column":3}}]},"1":{"type":"branch","line":12,"loc":{"start":{"line":12,"column":-2},"end":{"line":15,"column":7}},"locations":[{"start":{"line":12,"column":-2},"end":{"line":15,"column":7}}]},"2":{"type":"branch","line":17,"loc":{"start":{"line":17,"column":-2},"end":{"line":19,"column":7}},"locations":[{"start":{"line":17,"column":-2},"end":{"line":19,"column":7}}]},"3":{"type":"branch","line":19,"loc":{"start":{"line":19,"column":7},"end":{"line":21,"column":5}},"locations":[{"start":{"line":19,"column":7},"end":{"line":21,"column":5}}]}},"b":{"0":[83],"1":[1],"2":[82],"3":[0]},"fnMap":{"0":{"name":"create","decl":{"start":{"line":4,"column":3},"end":{"line":22,"column":3}},"loc":{"start":{"line":4,"column":3},"end":{"line":22,"column":3}},"line":4}},"f":{"0":83}}
,"C:\\Users\\wlad_\\mentora-me\\src\\app\\controllers\\interest\\DeleteInterestAreaController.js": {"path":"C:\\Users\\wlad_\\mentora-me\\src\\app\\controllers\\interest\\DeleteInterestAreaController.js","all":false,"statementMap":{"0":{"start":{"line":1,"column":0},"end":{"line":1,"column":58}},"1":{"start":{"line":2,"column":0},"end":{"line":2,"column":0}},"2":{"start":{"line":3,"column":0},"end":{"line":3,"column":36}},"3":{"start":{"line":4,"column":0},"end":{"line":4,"column":26}},"4":{"start":{"line":5,"column":0},"end":{"line":5,"column":9}},"5":{"start":{"line":6,"column":0},"end":{"line":6,"column":32}},"6":{"start":{"line":7,"column":0},"end":{"line":7,"column":55}},"7":{"start":{"line":8,"column":0},"end":{"line":8,"column":22}},"8":{"start":{"line":9,"column":0},"end":{"line":9,"column":9}},"9":{"start":{"line":10,"column":0},"end":{"line":10,"column":26}},"10":{"start":{"line":11,"column":0},"end":{"line":11,"column":18}},"11":{"start":{"line":12,"column":0},"end":{"line":12,"column":22}},"12":{"start":{"line":13,"column":0},"end":{"line":13,"column":64}},"13":{"start":{"line":14,"column":0},"end":{"line":14,"column":7}},"14":{"start":{"line":15,"column":0},"end":{"line":15,"column":0}},"15":{"start":{"line":16,"column":0},"end":{"line":16,"column":35}},"16":{"start":{"line":17,"column":0},"end":{"line":17,"column":57}},"17":{"start":{"line":18,"column":0},"end":{"line":18,"column":21}},"18":{"start":{"line":19,"column":0},"end":{"line":19,"column":60}},"19":{"start":{"line":20,"column":0},"end":{"line":20,"column":5}},"20":{"start":{"line":21,"column":0},"end":{"line":21,"column":3}},"21":{"start":{"line":22,"column":0},"end":{"line":22,"column":1}},"22":{"start":{"line":23,"column":0},"end":{"line":23,"column":0}},"23":{"start":{"line":24,"column":0},"end":{"line":24,"column":50}}},"s":{"0":1,"1":1,"2":1,"3":1,"4":2,"5":2,"6":2,"7":2,"8":2,"9":2,"10":1,"11":1,"12":1,"13":1,"14":1,"15":1,"16":1,"17":2,"18":0,"19":0,"20":2,"21":2,"22":1,"23":1},"branchMap":{"0":{"type":"branch","line":4,"loc":{"start":{"line":4,"column":3},"end":{"line":22,"column":1}},"locations":[{"start":{"line":4,"column":3},"end":{"line":22,"column":1}}]},"1":{"type":"branch","line":11,"loc":{"start":{"line":11,"column":-1},"end":{"line":18,"column":7}},"locations":[{"start":{"line":11,"column":-1},"end":{"line":18,"column":7}}]},"2":{"type":"branch","line":18,"loc":{"start":{"line":18,"column":7},"end":{"line":21,"column":2}},"locations":[{"start":{"line":18,"column":7},"end":{"line":21,"column":2}}]}},"b":{"0":[2],"1":[1],"2":[0]},"fnMap":{"0":{"name":"delete","decl":{"start":{"line":4,"column":3},"end":{"line":22,"column":1}},"loc":{"start":{"line":4,"column":3},"end":{"line":22,"column":1}},"line":4}},"f":{"0":2}}
,"C:\\Users\\wlad_\\mentora-me\\src\\app\\controllers\\interest\\ListInterestAreaController.js": {"path":"C:\\Users\\wlad_\\mentora-me\\src\\app\\controllers\\interest\\ListInterestAreaController.js","all":false,"statementMap":{"0":{"start":{"line":1,"column":0},"end":{"line":1,"column":78}},"1":{"start":{"line":2,"column":0},"end":{"line":2,"column":0}},"2":{"start":{"line":3,"column":0},"end":{"line":3,"column":34}},"3":{"start":{"line":4,"column":0},"end":{"line":4,"column":24}},"4":{"start":{"line":5,"column":0},"end":{"line":5,"column":9}},"5":{"start":{"line":6,"column":0},"end":{"line":6,"column":53}},"6":{"start":{"line":7,"column":0},"end":{"line":7,"column":41}},"7":{"start":{"line":8,"column":0},"end":{"line":8,"column":21}},"8":{"start":{"line":9,"column":0},"end":{"line":9,"column":60}},"9":{"start":{"line":10,"column":0},"end":{"line":10,"column":5}},"10":{"start":{"line":11,"column":0},"end":{"line":11,"column":3}},"11":{"start":{"line":12,"column":0},"end":{"line":12,"column":1}},"12":{"start":{"line":13,"column":0},"end":{"line":13,"column":0}},"13":{"start":{"line":14,"column":0},"end":{"line":14,"column":48}}},"s":{"0":1,"1":1,"2":1,"3":1,"4":1,"5":1,"6":1,"7":1,"8":0,"9":0,"10":1,"11":1,"12":1,"13":1},"branchMap":{"0":{"type":"branch","line":4,"loc":{"start":{"line":4,"column":3},"end":{"line":12,"column":1}},"locations":[{"start":{"line":4,"column":3},"end":{"line":12,"column":1}}]},"1":{"type":"branch","line":8,"loc":{"start":{"line":8,"column":7},"end":{"line":11,"column":2}},"locations":[{"start":{"line":8,"column":7},"end":{"line":11,"column":2}}]}},"b":{"0":[1],"1":[0]},"fnMap":{"0":{"name":"list","decl":{"start":{"line":4,"column":3},"end":{"line":12,"column":1}},"loc":{"start":{"line":4,"column":3},"end":{"line":12,"column":1}},"line":4}},"f":{"0":1}}
,"C:\\Users\\wlad_\\mentora-me\\src\\app\\controllers\\match\\MatchController.js": {"path":"C:\\Users\\wlad_\\mentora-me\\src\\app\\controllers\\match\\MatchController.js","all":false,"statementMap":{"0":{"start":{"line":1,"column":0},"end":{"line":1,"column":56}},"1":{"start":{"line":2,"column":0},"end":{"line":2,"column":31}},"2":{"start":{"line":3,"column":0},"end":{"line":3,"column":46}},"3":{"start":{"line":4,"column":0},"end":{"line":4,"column":54}},"4":{"start":{"line":5,"column":0},"end":{"line":5,"column":0}},"5":{"start":{"line":6,"column":0},"end":{"line":6,"column":58}},"6":{"start":{"line":7,"column":0},"end":{"line":7,"column":48}},"7":{"start":{"line":8,"column":0},"end":{"line":8,"column":23}},"8":{"start":{"line":9,"column":0},"end":{"line":9,"column":25}},"9":{"start":{"line":10,"column":0},"end":{"line":10,"column":9}},"10":{"start":{"line":11,"column":0},"end":{"line":11,"column":30}},"11":{"start":{"line":12,"column":0},"end":{"line":12,"column":43}},"12":{"start":{"line":13,"column":0},"end":{"line":13,"column":45}},"13":{"start":{"line":14,"column":0},"end":{"line":14,"column":16}},"14":{"start":{"line":15,"column":0},"end":{"line":15,"column":26}},"15":{"start":{"line":16,"column":0},"end":{"line":16,"column":10}},"16":{"start":{"line":17,"column":0},"end":{"line":17,"column":18}},"17":{"start":{"line":18,"column":0},"end":{"line":18,"column":30}},"18":{"start":{"line":19,"column":0},"end":{"line":19,"column":26}},"19":{"start":{"line":20,"column":0},"end":{"line":20,"column":10}},"20":{"start":{"line":21,"column":0},"end":{"line":21,"column":9}},"21":{"start":{"line":22,"column":0},"end":{"line":22,"column":40}},"22":{"start":{"line":23,"column":0},"end":{"line":23,"column":0}},"23":{"start":{"line":24,"column":0},"end":{"line":24,"column":34}},"24":{"start":{"line":25,"column":0},"end":{"line":25,"column":37}},"25":{"start":{"line":26,"column":0},"end":{"line":26,"column":65}},"26":{"start":{"line":27,"column":0},"end":{"line":27,"column":11}},"27":{"start":{"line":28,"column":0},"end":{"line":28,"column":7}},"28":{"start":{"line":29,"column":0},"end":{"line":29,"column":50}},"29":{"start":{"line":30,"column":0},"end":{"line":30,"column":56}},"30":{"start":{"line":31,"column":0},"end":{"line":31,"column":27}},"31":{"start":{"line":32,"column":0},"end":{"line":32,"column":9}},"32":{"start":{"line":33,"column":0},"end":{"line":33,"column":65}},"33":{"start":{"line":34,"column":0},"end":{"line":34,"column":44}},"34":{"start":{"line":35,"column":0},"end":{"line":35,"column":16}},"35":{"start":{"line":36,"column":0},"end":{"line":36,"column":29}},"36":{"start":{"line":37,"column":0},"end":{"line":37,"column":36}},"37":{"start":{"line":38,"column":0},"end":{"line":38,"column":12}},"38":{"start":{"line":39,"column":0},"end":{"line":39,"column":10}},"39":{"start":{"line":40,"column":0},"end":{"line":40,"column":18}},"40":{"start":{"line":41,"column":0},"end":{"line":41,"column":11}},"41":{"start":{"line":42,"column":0},"end":{"line":42,"column":30}},"42":{"start":{"line":43,"column":0},"end":{"line":43,"column":48}},"43":{"start":{"line":44,"column":0},"end":{"line":44,"column":12}},"44":{"start":{"line":45,"column":0},"end":{"line":45,"column":10}},"45":{"start":{"line":46,"column":0},"end":{"line":46,"column":9}},"46":{"start":{"line":47,"column":0},"end":{"line":47,"column":37}},"47":{"start":{"line":48,"column":0},"end":{"line":48,"column":49}},"48":{"start":{"line":49,"column":0},"end":{"line":49,"column":25}},"49":{"start":{"line":50,"column":0},"end":{"line":50,"column":9}},"50":{"start":{"line":51,"column":0},"end":{"line":51,"column":0}},"51":{"start":{"line":52,"column":0},"end":{"line":52,"column":49}},"52":{"start":{"line":53,"column":0},"end":{"line":53,"column":53}},"53":{"start":{"line":54,"column":0},"end":{"line":54,"column":34}},"54":{"start":{"line":55,"column":0},"end":{"line":55,"column":9}},"55":{"start":{"line":56,"column":0},"end":{"line":56,"column":25}},"56":{"start":{"line":57,"column":0},"end":{"line":57,"column":37}},"57":{"start":{"line":58,"column":0},"end":{"line":58,"column":67}},"58":{"start":{"line":59,"column":0},"end":{"line":59,"column":11}},"59":{"start":{"line":60,"column":0},"end":{"line":60,"column":7}},"60":{"start":{"line":61,"column":0},"end":{"line":61,"column":0}},"61":{"start":{"line":62,"column":0},"end":{"line":62,"column":49}},"62":{"start":{"line":63,"column":0},"end":{"line":63,"column":60}},"63":{"start":{"line":64,"column":0},"end":{"line":64,"column":55}},"64":{"start":{"line":65,"column":0},"end":{"line":65,"column":9}},"65":{"start":{"line":66,"column":0},"end":{"line":66,"column":0}},"66":{"start":{"line":67,"column":0},"end":{"line":67,"column":67}},"67":{"start":{"line":68,"column":0},"end":{"line":68,"column":105}},"68":{"start":{"line":69,"column":0},"end":{"line":69,"column":50}},"69":{"start":{"line":70,"column":0},"end":{"line":70,"column":27}},"70":{"start":{"line":71,"column":0},"end":{"line":71,"column":19}},"71":{"start":{"line":72,"column":0},"end":{"line":72,"column":8}},"72":{"start":{"line":73,"column":0},"end":{"line":73,"column":74}},"73":{"start":{"line":74,"column":0},"end":{"line":74,"column":55}},"74":{"start":{"line":75,"column":0},"end":{"line":75,"column":43}},"75":{"start":{"line":76,"column":0},"end":{"line":76,"column":29}},"76":{"start":{"line":77,"column":0},"end":{"line":77,"column":80}},"77":{"start":{"line":78,"column":0},"end":{"line":78,"column":0}},"78":{"start":{"line":79,"column":0},"end":{"line":79,"column":23}},"79":{"start":{"line":80,"column":0},"end":{"line":80,"column":18}},"80":{"start":{"line":81,"column":0},"end":{"line":81,"column":22}},"81":{"start":{"line":82,"column":0},"end":{"line":82,"column":69}},"82":{"start":{"line":83,"column":0},"end":{"line":83,"column":7}},"83":{"start":{"line":84,"column":0},"end":{"line":84,"column":0}},"84":{"start":{"line":85,"column":0},"end":{"line":85,"column":45}},"85":{"start":{"line":86,"column":0},"end":{"line":86,"column":21}},"86":{"start":{"line":87,"column":0},"end":{"line":87,"column":45}},"87":{"start":{"line":88,"column":0},"end":{"line":88,"column":5}},"88":{"start":{"line":89,"column":0},"end":{"line":89,"column":3}},"89":{"start":{"line":90,"column":0},"end":{"line":90,"column":54}},"90":{"start":{"line":91,"column":0},"end":{"line":91,"column":22}},"91":{"start":{"line":92,"column":0},"end":{"line":92,"column":42}},"92":{"start":{"line":93,"column":0},"end":{"line":93,"column":18}},"93":{"start":{"line":94,"column":0},"end":{"line":94,"column":69}},"94":{"start":{"line":95,"column":0},"end":{"line":95,"column":8}},"95":{"start":{"line":96,"column":0},"end":{"line":96,"column":7}},"96":{"start":{"line":97,"column":0},"end":{"line":97,"column":0}},"97":{"start":{"line":98,"column":0},"end":{"line":98,"column":30}},"98":{"start":{"line":99,"column":0},"end":{"line":99,"column":18}},"99":{"start":{"line":100,"column":0},"end":{"line":100,"column":5}},"100":{"start":{"line":101,"column":0},"end":{"line":101,"column":0}},"101":{"start":{"line":102,"column":0},"end":{"line":102,"column":41}},"102":{"start":{"line":103,"column":0},"end":{"line":103,"column":3}},"103":{"start":{"line":104,"column":0},"end":{"line":104,"column":38}},"104":{"start":{"line":105,"column":0},"end":{"line":105,"column":46}},"105":{"start":{"line":106,"column":0},"end":{"line":106,"column":30}},"106":{"start":{"line":107,"column":0},"end":{"line":107,"column":18}},"107":{"start":{"line":108,"column":0},"end":{"line":108,"column":7}},"108":{"start":{"line":109,"column":0},"end":{"line":109,"column":7}},"109":{"start":{"line":110,"column":0},"end":{"line":110,"column":3}},"110":{"start":{"line":111,"column":0},"end":{"line":111,"column":56}},"111":{"start":{"line":112,"column":0},"end":{"line":112,"column":58}},"112":{"start":{"line":113,"column":0},"end":{"line":113,"column":20}},"113":{"start":{"line":114,"column":0},"end":{"line":114,"column":0}},"114":{"start":{"line":115,"column":0},"end":{"line":115,"column":66}},"115":{"start":{"line":116,"column":0},"end":{"line":116,"column":19}},"116":{"start":{"line":117,"column":0},"end":{"line":117,"column":7}},"117":{"start":{"line":118,"column":0},"end":{"line":118,"column":64}},"118":{"start":{"line":119,"column":0},"end":{"line":119,"column":19}},"119":{"start":{"line":120,"column":0},"end":{"line":120,"column":7}},"120":{"start":{"line":121,"column":0},"end":{"line":121,"column":64}},"121":{"start":{"line":122,"column":0},"end":{"line":122,"column":19}},"122":{"start":{"line":123,"column":0},"end":{"line":123,"column":7}},"123":{"start":{"line":124,"column":0},"end":{"line":124,"column":60}},"124":{"start":{"line":125,"column":0},"end":{"line":125,"column":19}},"125":{"start":{"line":126,"column":0},"end":{"line":126,"column":7}},"126":{"start":{"line":127,"column":0},"end":{"line":127,"column":58}},"127":{"start":{"line":128,"column":0},"end":{"line":128,"column":19}},"128":{"start":{"line":129,"column":0},"end":{"line":129,"column":7}},"129":{"start":{"line":130,"column":0},"end":{"line":130,"column":58}},"130":{"start":{"line":131,"column":0},"end":{"line":131,"column":19}},"131":{"start":{"line":132,"column":0},"end":{"line":132,"column":7}},"132":{"start":{"line":133,"column":0},"end":{"line":133,"column":64}},"133":{"start":{"line":134,"column":0},"end":{"line":134,"column":19}},"134":{"start":{"line":135,"column":0},"end":{"line":135,"column":7}},"135":{"start":{"line":136,"column":0},"end":{"line":136,"column":62}},"136":{"start":{"line":137,"column":0},"end":{"line":137,"column":19}},"137":{"start":{"line":138,"column":0},"end":{"line":138,"column":7}},"138":{"start":{"line":139,"column":0},"end":{"line":139,"column":62}},"139":{"start":{"line":140,"column":0},"end":{"line":140,"column":19}},"140":{"start":{"line":141,"column":0},"end":{"line":141,"column":7}},"141":{"start":{"line":142,"column":0},"end":{"line":142,"column":10}},"142":{"start":{"line":143,"column":0},"end":{"line":143,"column":79}},"143":{"start":{"line":144,"column":0},"end":{"line":144,"column":9}},"144":{"start":{"line":145,"column":0},"end":{"line":145,"column":19}},"145":{"start":{"line":146,"column":0},"end":{"line":146,"column":7}},"146":{"start":{"line":147,"column":0},"end":{"line":147,"column":10}},"147":{"start":{"line":148,"column":0},"end":{"line":148,"column":77}},"148":{"start":{"line":149,"column":0},"end":{"line":149,"column":9}},"149":{"start":{"line":150,"column":0},"end":{"line":150,"column":19}},"150":{"start":{"line":151,"column":0},"end":{"line":151,"column":7}},"151":{"start":{"line":152,"column":0},"end":{"line":152,"column":10}},"152":{"start":{"line":153,"column":0},"end":{"line":153,"column":77}},"153":{"start":{"line":154,"column":0},"end":{"line":154,"column":9}},"154":{"start":{"line":155,"column":0},"end":{"line":155,"column":19}},"155":{"start":{"line":156,"column":0},"end":{"line":156,"column":7}},"156":{"start":{"line":157,"column":0},"end":{"line":157,"column":10}},"157":{"start":{"line":158,"column":0},"end":{"line":158,"column":50}},"158":{"start":{"line":159,"column":0},"end":{"line":159,"column":40}},"159":{"start":{"line":160,"column":0},"end":{"line":160,"column":9}},"160":{"start":{"line":161,"column":0},"end":{"line":161,"column":19}},"161":{"start":{"line":162,"column":0},"end":{"line":162,"column":7}},"162":{"start":{"line":163,"column":0},"end":{"line":163,"column":10}},"163":{"start":{"line":164,"column":0},"end":{"line":164,"column":48}},"164":{"start":{"line":165,"column":0},"end":{"line":165,"column":40}},"165":{"start":{"line":166,"column":0},"end":{"line":166,"column":9}},"166":{"start":{"line":167,"column":0},"end":{"line":167,"column":19}},"167":{"start":{"line":168,"column":0},"end":{"line":168,"column":7}},"168":{"start":{"line":169,"column":0},"end":{"line":169,"column":10}},"169":{"start":{"line":170,"column":0},"end":{"line":170,"column":48}},"170":{"start":{"line":171,"column":0},"end":{"line":171,"column":40}},"171":{"start":{"line":172,"column":0},"end":{"line":172,"column":9}},"172":{"start":{"line":173,"column":0},"end":{"line":173,"column":19}},"173":{"start":{"line":174,"column":0},"end":{"line":174,"column":7}},"174":{"start":{"line":175,"column":0},"end":{"line":175,"column":60}},"175":{"start":{"line":176,"column":0},"end":{"line":176,"column":19}},"176":{"start":{"line":177,"column":0},"end":{"line":177,"column":7}},"177":{"start":{"line":178,"column":0},"end":{"line":178,"column":58}},"178":{"start":{"line":179,"column":0},"end":{"line":179,"column":19}},"179":{"start":{"line":180,"column":0},"end":{"line":180,"column":7}},"180":{"start":{"line":181,"column":0},"end":{"line":181,"column":58}},"181":{"start":{"line":182,"column":0},"end":{"line":182,"column":19}},"182":{"start":{"line":183,"column":0},"end":{"line":183,"column":7}},"183":{"start":{"line":184,"column":0},"end":{"line":184,"column":78}},"184":{"start":{"line":185,"column":0},"end":{"line":185,"column":19}},"185":{"start":{"line":186,"column":0},"end":{"line":186,"column":7}},"186":{"start":{"line":187,"column":0},"end":{"line":187,"column":76}},"187":{"start":{"line":188,"column":0},"end":{"line":188,"column":19}},"188":{"start":{"line":189,"column":0},"end":{"line":189,"column":7}},"189":{"start":{"line":190,"column":0},"end":{"line":190,"column":76}},"190":{"start":{"line":191,"column":0},"end":{"line":191,"column":19}},"191":{"start":{"line":192,"column":0},"end":{"line":192,"column":7}},"192":{"start":{"line":193,"column":0},"end":{"line":193,"column":38}},"193":{"start":{"line":194,"column":0},"end":{"line":194,"column":31}},"194":{"start":{"line":195,"column":0},"end":{"line":195,"column":7}},"195":{"start":{"line":196,"column":0},"end":{"line":196,"column":3}},"196":{"start":{"line":197,"column":0},"end":{"line":197,"column":1}},"197":{"start":{"line":198,"column":0},"end":{"line":198,"column":0}},"198":{"start":{"line":199,"column":0},"end":{"line":199,"column":37}}},"s":{"0":1,"1":1,"2":1,"3":1,"4":1,"5":1,"6":1,"7":1,"8":1,"9":4,"10":4,"11":4,"12":4,"13":4,"14":4,"15":4,"16":4,"17":4,"18":4,"19":4,"20":4,"21":4,"22":4,"23":4,"24":1,"25":1,"26":1,"27":1,"28":3,"29":3,"30":3,"31":3,"32":3,"33":3,"34":3,"35":3,"36":3,"37":3,"38":3,"39":3,"40":3,"41":3,"42":3,"43":3,"44":3,"45":3,"46":3,"47":3,"48":6,"49":3,"50":3,"51":3,"52":3,"53":3,"54":3,"55":3,"56":1,"57":1,"58":1,"59":1,"60":1,"61":2,"62":2,"63":2,"64":2,"65":2,"66":2,"67":2,"68":2,"69":2,"70":2,"71":2,"72":2,"73":2,"74":2,"75":2,"76":2,"77":2,"78":2,"79":1,"80":1,"81":1,"82":1,"83":1,"84":1,"85":4,"86":0,"87":0,"88":4,"89":1,"90":2,"91":2,"92":3,"93":3,"94":3,"95":2,"96":2,"97":2,"98":1,"99":1,"100":1,"101":1,"102":1,"103":1,"104":2,"105":2,"106":2,"107":2,"108":2,"109":2,"110":1,"111":2,"112":3,"113":3,"114":3,"115":1,"116":1,"117":3,"118":1,"119":1,"120":3,"121":1,"122":1,"123":3,"124":1,"125":1,"126":3,"127":1,"128":1,"129":3,"130":1,"131":1,"132":3,"133":1,"134":1,"135":3,"136":1,"137":1,"138":3,"139":1,"140":1,"141":3,"142":3,"143":3,"144":1,"145":1,"146":3,"147":3,"148":3,"149":1,"150":1,"151":3,"152":3,"153":3,"154":1,"155":1,"156":3,"157":3,"158":3,"159":3,"160":1,"161":1,"162":3,"163":3,"164":3,"165":3,"166":1,"167":1,"168":3,"169":3,"170":3,"171":3,"172":1,"173":1,"174":3,"175":1,"176":1,"177":3,"178":1,"179":1,"180":3,"181":1,"182":1,"183":3,"184":1,"185":1,"186":3,"187":1,"188":1,"189":3,"190":1,"191":1,"192":3,"193":3,"194":2,"195":2,"196":2,"197":1,"198":1},"branchMap":{"0":{"type":"branch","line":9,"loc":{"start":{"line":9,"column":3},"end":{"line":90,"column":2}},"locations":[{"start":{"line":9,"column":3},"end":{"line":90,"column":2}}]},"1":{"type":"branch","line":25,"loc":{"start":{"line":25,"column":-1},"end":{"line":29,"column":2}},"locations":[{"start":{"line":25,"column":-1},"end":{"line":29,"column":2}}]},"2":{"type":"branch","line":29,"loc":{"start":{"line":29,"column":0},"end":{"line":56,"column":25}},"locations":[{"start":{"line":29,"column":0},"end":{"line":56,"column":25}}]},"3":{"type":"branch","line":57,"loc":{"start":{"line":57,"column":-1},"end":{"line":61,"column":0}},"locations":[{"start":{"line":57,"column":-1},"end":{"line":61,"column":0}}]},"4":{"type":"branch","line":62,"loc":{"start":{"line":62,"column":-1},"end":{"line":79,"column":23}},"locations":[{"start":{"line":62,"column":-1},"end":{"line":79,"column":23}}]},"5":{"type":"branch","line":80,"loc":{"start":{"line":80,"column":-1},"end":{"line":86,"column":7}},"locations":[{"start":{"line":80,"column":-1},"end":{"line":86,"column":7}}]},"6":{"type":"branch","line":86,"loc":{"start":{"line":86,"column":7},"end":{"line":89,"column":2}},"locations":[{"start":{"line":86,"column":7},"end":{"line":89,"column":2}}]},"7":{"type":"branch","line":30,"loc":{"start":{"line":30,"column":42},"end":{"line":32,"column":8}},"locations":[{"start":{"line":30,"column":42},"end":{"line":32,"column":8}}]},"8":{"type":"branch","line":48,"loc":{"start":{"line":48,"column":37},"end":{"line":50,"column":8}},"locations":[{"start":{"line":48,"column":37},"end":{"line":50,"column":8}}]},"9":{"type":"branch","line":90,"loc":{"start":{"line":90,"column":3},"end":{"line":104,"column":2}},"locations":[{"start":{"line":90,"column":3},"end":{"line":104,"column":2}}]},"10":{"type":"branch","line":99,"loc":{"start":{"line":99,"column":-1},"end":{"line":103,"column":3}},"locations":[{"start":{"line":99,"column":-1},"end":{"line":103,"column":3}}]},"11":{"type":"branch","line":92,"loc":{"start":{"line":92,"column":22},"end":{"line":96,"column":6}},"locations":[{"start":{"line":92,"column":22},"end":{"line":96,"column":6}}]},"12":{"type":"branch","line":94,"loc":{"start":{"line":94,"column":22},"end":{"line":94,"column":69}},"locations":[{"start":{"line":94,"column":22},"end":{"line":94,"column":69}}]},"13":{"type":"branch","line":104,"loc":{"start":{"line":104,"column":3},"end":{"line":111,"column":2}},"locations":[{"start":{"line":104,"column":3},"end":{"line":111,"column":2}}]},"14":{"type":"branch","line":105,"loc":{"start":{"line":105,"column":36},"end":{"line":109,"column":6}},"locations":[{"start":{"line":105,"column":36},"end":{"line":109,"column":6}}]},"15":{"type":"branch","line":111,"loc":{"start":{"line":111,"column":3},"end":{"line":197,"column":1}},"locations":[{"start":{"line":111,"column":3},"end":{"line":197,"column":1}}]},"16":{"type":"branch","line":112,"loc":{"start":{"line":112,"column":35},"end":{"line":195,"column":6}},"locations":[{"start":{"line":112,"column":35},"end":{"line":195,"column":6}}]},"17":{"type":"branch","line":116,"loc":{"start":{"line":116,"column":-1},"end":{"line":118,"column":2}},"locations":[{"start":{"line":116,"column":-1},"end":{"line":118,"column":2}}]},"18":{"type":"branch","line":119,"loc":{"start":{"line":119,"column":-1},"end":{"line":121,"column":2}},"locations":[{"start":{"line":119,"column":-1},"end":{"line":121,"column":2}}]},"19":{"type":"branch","line":122,"loc":{"start":{"line":122,"column":-1},"end":{"line":124,"column":2}},"locations":[{"start":{"line":122,"column":-1},"end":{"line":124,"column":2}}]},"20":{"type":"branch","line":125,"loc":{"start":{"line":125,"column":-1},"end":{"line":127,"column":2}},"locations":[{"start":{"line":125,"column":-1},"end":{"line":127,"column":2}}]},"21":{"type":"branch","line":128,"loc":{"start":{"line":128,"column":-1},"end":{"line":130,"column":2}},"locations":[{"start":{"line":128,"column":-1},"end":{"line":130,"column":2}}]},"22":{"type":"branch","line":131,"loc":{"start":{"line":131,"column":-1},"end":{"line":133,"column":2}},"locations":[{"start":{"line":131,"column":-1},"end":{"line":133,"column":2}}]},"23":{"type":"branch","line":134,"loc":{"start":{"line":134,"column":-1},"end":{"line":136,"column":2}},"locations":[{"start":{"line":134,"column":-1},"end":{"line":136,"column":2}}]},"24":{"type":"branch","line":137,"loc":{"start":{"line":137,"column":-1},"end":{"line":139,"column":2}},"locations":[{"start":{"line":137,"column":-1},"end":{"line":139,"column":2}}]},"25":{"type":"branch","line":140,"loc":{"start":{"line":140,"column":-1},"end":{"line":142,"column":2}},"locations":[{"start":{"line":140,"column":-1},"end":{"line":142,"column":2}}]},"26":{"type":"branch","line":145,"loc":{"start":{"line":145,"column":-1},"end":{"line":147,"column":2}},"locations":[{"start":{"line":145,"column":-1},"end":{"line":147,"column":2}}]},"27":{"type":"branch","line":150,"loc":{"start":{"line":150,"column":-1},"end":{"line":152,"column":2}},"locations":[{"start":{"line":150,"column":-1},"end":{"line":152,"column":2}}]},"28":{"type":"branch","line":155,"loc":{"start":{"line":155,"column":-1},"end":{"line":157,"column":2}},"locations":[{"start":{"line":155,"column":-1},"end":{"line":157,"column":2}}]},"29":{"type":"branch","line":161,"loc":{"start":{"line":161,"column":-1},"end":{"line":163,"column":2}},"locations":[{"start":{"line":161,"column":-1},"end":{"line":163,"column":2}}]},"30":{"type":"branch","line":167,"loc":{"start":{"line":167,"column":-1},"end":{"line":169,"column":2}},"locations":[{"start":{"line":167,"column":-1},"end":{"line":169,"column":2}}]},"31":{"type":"branch","line":173,"loc":{"start":{"line":173,"column":-1},"end":{"line":175,"column":2}},"locations":[{"start":{"line":173,"column":-1},"end":{"line":175,"column":2}}]},"32":{"type":"branch","line":176,"loc":{"start":{"line":176,"column":-1},"end":{"line":178,"column":2}},"locations":[{"start":{"line":176,"column":-1},"end":{"line":178,"column":2}}]},"33":{"type":"branch","line":179,"loc":{"start":{"line":179,"column":-1},"end":{"line":181,"column":2}},"locations":[{"start":{"line":179,"column":-1},"end":{"line":181,"column":2}}]},"34":{"type":"branch","line":182,"loc":{"start":{"line":182,"column":-1},"end":{"line":184,"column":2}},"locations":[{"start":{"line":182,"column":-1},"end":{"line":184,"column":2}}]},"35":{"type":"branch","line":185,"loc":{"start":{"line":185,"column":-1},"end":{"line":187,"column":2}},"locations":[{"start":{"line":185,"column":-1},"end":{"line":187,"column":2}}]},"36":{"type":"branch","line":188,"loc":{"start":{"line":188,"column":-1},"end":{"line":190,"column":2}},"locations":[{"start":{"line":188,"column":-1},"end":{"line":190,"column":2}}]},"37":{"type":"branch","line":191,"loc":{"start":{"line":191,"column":-1},"end":{"line":193,"column":2}},"locations":[{"start":{"line":191,"column":-1},"end":{"line":193,"column":2}}]}},"b":{"0":[4],"1":[1],"2":[3],"3":[1],"4":[2],"5":[1],"6":[0],"7":[3],"8":[6],"9":[2],"10":[1],"11":[3],"12":[6],"13":[2],"14":[2],"15":[2],"16":[3],"17":[1],"18":[1],"19":[1],"20":[1],"21":[1],"22":[1],"23":[1],"24":[1],"25":[1],"26":[1],"27":[1],"28":[1],"29":[1],"30":[1],"31":[1],"32":[1],"33":[1],"34":[1],"35":[1],"36":[1],"37":[1]},"fnMap":{"0":{"name":"match","decl":{"start":{"line":9,"column":3},"end":{"line":90,"column":2}},"loc":{"start":{"line":9,"column":3},"end":{"line":90,"column":2}},"line":9},"1":{"name":"ordMentores","decl":{"start":{"line":90,"column":3},"end":{"line":104,"column":2}},"loc":{"start":{"line":90,"column":3},"end":{"line":104,"column":2}},"line":90},"2":{"name":"ordMatch","decl":{"start":{"line":104,"column":3},"end":{"line":111,"column":2}},"loc":{"start":{"line":104,"column":3},"end":{"line":111,"column":2}},"line":104},"3":{"name":"setScoreMatch","decl":{"start":{"line":111,"column":3},"end":{"line":197,"column":1}},"loc":{"start":{"line":111,"column":3},"end":{"line":197,"column":1}},"line":111}},"f":{"0":4,"1":2,"2":2,"3":2}}
,"C:\\Users\\wlad_\\mentora-me\\src\\app\\controllers\\mentor\\CreateMentorController.js": {"path":"C:\\Users\\wlad_\\mentora-me\\src\\app\\controllers\\mentor\\CreateMentorController.js","all":false,"statementMap":{"0":{"start":{"line":1,"column":0},"end":{"line":1,"column":42}},"1":{"start":{"line":2,"column":0},"end":{"line":2,"column":46}},"2":{"start":{"line":3,"column":0},"end":{"line":3,"column":76}},"3":{"start":{"line":4,"column":0},"end":{"line":4,"column":78}},"4":{"start":{"line":5,"column":0},"end":{"line":5,"column":0}},"5":{"start":{"line":6,"column":0},"end":{"line":6,"column":30}},"6":{"start":{"line":7,"column":0},"end":{"line":7,"column":18}},"7":{"start":{"line":8,"column":0},"end":{"line":8,"column":26}},"8":{"start":{"line":9,"column":0},"end":{"line":9,"column":9}},"9":{"start":{"line":10,"column":0},"end":{"line":10,"column":73}},"10":{"start":{"line":11,"column":0},"end":{"line":11,"column":17}},"11":{"start":{"line":12,"column":0},"end":{"line":12,"column":30}},"12":{"start":{"line":13,"column":0},"end":{"line":13,"column":77}},"13":{"start":{"line":14,"column":0},"end":{"line":14,"column":51}},"14":{"start":{"line":15,"column":0},"end":{"line":15,"column":35}},"15":{"start":{"line":16,"column":0},"end":{"line":16,"column":9}},"16":{"start":{"line":17,"column":0},"end":{"line":17,"column":52}},"17":{"start":{"line":18,"column":0},"end":{"line":18,"column":0}},"18":{"start":{"line":19,"column":0},"end":{"line":19,"column":45}},"19":{"start":{"line":20,"column":0},"end":{"line":20,"column":76}},"20":{"start":{"line":21,"column":0},"end":{"line":21,"column":7}},"21":{"start":{"line":22,"column":0},"end":{"line":22,"column":0}},"22":{"start":{"line":23,"column":0},"end":{"line":23,"column":27}},"23":{"start":{"line":24,"column":0},"end":{"line":24,"column":69}},"24":{"start":{"line":25,"column":0},"end":{"line":25,"column":7}},"25":{"start":{"line":26,"column":0},"end":{"line":26,"column":0}},"26":{"start":{"line":27,"column":0},"end":{"line":27,"column":27}},"27":{"start":{"line":28,"column":0},"end":{"line":28,"column":71}},"28":{"start":{"line":29,"column":0},"end":{"line":29,"column":7}},"29":{"start":{"line":30,"column":0},"end":{"line":30,"column":53}},"30":{"start":{"line":31,"column":0},"end":{"line":31,"column":25}},"31":{"start":{"line":32,"column":0},"end":{"line":32,"column":106}},"32":{"start":{"line":33,"column":0},"end":{"line":33,"column":27}},"33":{"start":{"line":34,"column":0},"end":{"line":34,"column":52}},"34":{"start":{"line":35,"column":0},"end":{"line":35,"column":35}},"35":{"start":{"line":36,"column":0},"end":{"line":36,"column":9}},"36":{"start":{"line":37,"column":0},"end":{"line":37,"column":9}},"37":{"start":{"line":38,"column":0},"end":{"line":38,"column":28}},"38":{"start":{"line":39,"column":0},"end":{"line":39,"column":18}},"39":{"start":{"line":40,"column":0},"end":{"line":40,"column":22}},"40":{"start":{"line":41,"column":0},"end":{"line":41,"column":62}},"41":{"start":{"line":42,"column":0},"end":{"line":42,"column":7}},"42":{"start":{"line":43,"column":0},"end":{"line":43,"column":0}},"43":{"start":{"line":44,"column":0},"end":{"line":44,"column":60}},"44":{"start":{"line":45,"column":0},"end":{"line":45,"column":13}},"45":{"start":{"line":46,"column":0},"end":{"line":46,"column":14}},"46":{"start":{"line":47,"column":0},"end":{"line":47,"column":17}},"47":{"start":{"line":48,"column":0},"end":{"line":48,"column":20}},"48":{"start":{"line":49,"column":0},"end":{"line":49,"column":13}},"49":{"start":{"line":50,"column":0},"end":{"line":50,"column":15}},"50":{"start":{"line":51,"column":0},"end":{"line":51,"column":22}},"51":{"start":{"line":52,"column":0},"end":{"line":52,"column":8}},"52":{"start":{"line":53,"column":0},"end":{"line":53,"column":0}},"53":{"start":{"line":54,"column":0},"end":{"line":54,"column":42}},"54":{"start":{"line":55,"column":0},"end":{"line":55,"column":21}},"55":{"start":{"line":56,"column":0},"end":{"line":56,"column":60}},"56":{"start":{"line":57,"column":0},"end":{"line":57,"column":5}},"57":{"start":{"line":58,"column":0},"end":{"line":58,"column":3}},"58":{"start":{"line":59,"column":0},"end":{"line":59,"column":1}},"59":{"start":{"line":60,"column":0},"end":{"line":60,"column":0}},"60":{"start":{"line":61,"column":0},"end":{"line":61,"column":44}}},"s":{"0":1,"1":1,"2":1,"3":1,"4":1,"5":1,"6":1,"7":1,"8":68,"9":68,"10":68,"11":68,"12":68,"13":68,"14":68,"15":68,"16":68,"17":68,"18":68,"19":1,"20":1,"21":68,"22":67,"23":1,"24":1,"25":68,"26":66,"27":1,"28":1,"29":65,"30":65,"31":65,"32":65,"33":65,"34":64,"35":64,"36":65,"37":65,"38":1,"39":1,"40":1,"41":1,"42":68,"43":64,"44":64,"45":64,"46":64,"47":64,"48":64,"49":64,"50":64,"51":64,"52":64,"53":64,"54":68,"55":0,"56":0,"57":68,"58":1,"59":1,"60":1},"branchMap":{"0":{"type":"branch","line":7,"loc":{"start":{"line":7,"column":3},"end":{"line":7,"column":18}},"locations":[{"start":{"line":7,"column":3},"end":{"line":7,"column":18}}]},"1":{"type":"branch","line":8,"loc":{"start":{"line":8,"column":3},"end":{"line":58,"column":3}},"locations":[{"start":{"line":8,"column":3},"end":{"line":58,"column":3}}]},"2":{"type":"branch","line":20,"loc":{"start":{"line":20,"column":-2},"end":{"line":21,"column":7}},"locations":[{"start":{"line":20,"column":-2},"end":{"line":21,"column":7}}]},"3":{"type":"branch","line":23,"loc":{"start":{"line":23,"column":-2},"end":{"line":23,"column":27}},"locations":[{"start":{"line":23,"column":-2},"end":{"line":23,"column":27}}]},"4":{"type":"branch","line":24,"loc":{"start":{"line":24,"column":-2},"end":{"line":25,"column":7}},"locations":[{"start":{"line":24,"column":-2},"end":{"line":25,"column":7}}]},"5":{"type":"branch","line":27,"loc":{"start":{"line":27,"column":-2},"end":{"line":27,"column":27}},"locations":[{"start":{"line":27,"column":-2},"end":{"line":27,"column":27}}]},"6":{"type":"branch","line":28,"loc":{"start":{"line":28,"column":-2},"end":{"line":29,"column":7}},"locations":[{"start":{"line":28,"column":-2},"end":{"line":29,"column":7}}]},"7":{"type":"branch","line":30,"loc":{"start":{"line":30,"column":0},"end":{"line":38,"column":28}},"locations":[{"start":{"line":30,"column":0},"end":{"line":38,"column":28}}]},"8":{"type":"branch","line":39,"loc":{"start":{"line":39,"column":-2},"end":{"line":42,"column":7}},"locations":[{"start":{"line":39,"column":-2},"end":{"line":42,"column":7}}]},"9":{"type":"branch","line":44,"loc":{"start":{"line":44,"column":-2},"end":{"line":55,"column":7}},"locations":[{"start":{"line":44,"column":-2},"end":{"line":55,"column":7}}]},"10":{"type":"branch","line":55,"loc":{"start":{"line":55,"column":7},"end":{"line":57,"column":5}},"locations":[{"start":{"line":55,"column":7},"end":{"line":57,"column":5}}]},"11":{"type":"branch","line":33,"loc":{"start":{"line":33,"column":17},"end":{"line":37,"column":8}},"locations":[{"start":{"line":33,"column":17},"end":{"line":37,"column":8}}]},"12":{"type":"branch","line":35,"loc":{"start":{"line":35,"column":-2},"end":{"line":36,"column":9}},"locations":[{"start":{"line":35,"column":-2},"end":{"line":36,"column":9}}]}},"b":{"0":[13],"1":[68],"2":[1],"3":[67],"4":[1],"5":[66],"6":[1],"7":[65],"8":[1],"9":[64],"10":[0],"11":[65],"12":[64]},"fnMap":{"0":{"name":"CreateMentorController","decl":{"start":{"line":7,"column":3},"end":{"line":7,"column":18}},"loc":{"start":{"line":7,"column":3},"end":{"line":7,"column":18}},"line":7},"1":{"name":"create","decl":{"start":{"line":8,"column":3},"end":{"line":58,"column":3}},"loc":{"start":{"line":8,"column":3},"end":{"line":58,"column":3}},"line":8}},"f":{"0":13,"1":68}}
,"C:\\Users\\wlad_\\mentora-me\\src\\app\\controllers\\mentor\\DeleteMentorController.js": {"path":"C:\\Users\\wlad_\\mentora-me\\src\\app\\controllers\\mentor\\DeleteMentorController.js","all":false,"statementMap":{"0":{"start":{"line":1,"column":0},"end":{"line":1,"column":46}},"1":{"start":{"line":2,"column":0},"end":{"line":2,"column":30}},"2":{"start":{"line":3,"column":0},"end":{"line":3,"column":26}},"3":{"start":{"line":4,"column":0},"end":{"line":4,"column":9}},"4":{"start":{"line":5,"column":0},"end":{"line":5,"column":30}},"5":{"start":{"line":6,"column":0},"end":{"line":6,"column":43}},"6":{"start":{"line":7,"column":0},"end":{"line":7,"column":16}},"7":{"start":{"line":8,"column":0},"end":{"line":8,"column":26}},"8":{"start":{"line":9,"column":0},"end":{"line":9,"column":10}},"9":{"start":{"line":10,"column":0},"end":{"line":10,"column":9}},"10":{"start":{"line":11,"column":0},"end":{"line":11,"column":0}},"11":{"start":{"line":12,"column":0},"end":{"line":12,"column":20}},"12":{"start":{"line":13,"column":0},"end":{"line":13,"column":72}},"13":{"start":{"line":14,"column":0},"end":{"line":14,"column":7}},"14":{"start":{"line":15,"column":0},"end":{"line":15,"column":29}},"15":{"start":{"line":16,"column":0},"end":{"line":16,"column":54}},"16":{"start":{"line":17,"column":0},"end":{"line":17,"column":21}},"17":{"start":{"line":18,"column":0},"end":{"line":18,"column":60}},"18":{"start":{"line":19,"column":0},"end":{"line":19,"column":5}},"19":{"start":{"line":20,"column":0},"end":{"line":20,"column":3}},"20":{"start":{"line":21,"column":0},"end":{"line":21,"column":1}},"21":{"start":{"line":22,"column":0},"end":{"line":22,"column":0}},"22":{"start":{"line":23,"column":0},"end":{"line":23,"column":44}}},"s":{"0":1,"1":1,"2":1,"3":3,"4":3,"5":3,"6":3,"7":3,"8":3,"9":3,"10":3,"11":3,"12":1,"13":1,"14":2,"15":2,"16":3,"17":0,"18":0,"19":3,"20":1,"21":1,"22":1},"branchMap":{"0":{"type":"branch","line":3,"loc":{"start":{"line":3,"column":3},"end":{"line":20,"column":3}},"locations":[{"start":{"line":3,"column":3},"end":{"line":20,"column":3}}]},"1":{"type":"branch","line":13,"loc":{"start":{"line":13,"column":-2},"end":{"line":14,"column":7}},"locations":[{"start":{"line":13,"column":-2},"end":{"line":14,"column":7}}]},"2":{"type":"branch","line":15,"loc":{"start":{"line":15,"column":0},"end":{"line":17,"column":7}},"locations":[{"start":{"line":15,"column":0},"end":{"line":17,"column":7}}]},"3":{"type":"branch","line":17,"loc":{"start":{"line":17,"column":7},"end":{"line":19,"column":5}},"locations":[{"start":{"line":17,"column":7},"end":{"line":19,"column":5}}]}},"b":{"0":[3],"1":[1],"2":[2],"3":[0]},"fnMap":{"0":{"name":"delete","decl":{"start":{"line":3,"column":3},"end":{"line":20,"column":3}},"loc":{"start":{"line":3,"column":3},"end":{"line":20,"column":3}},"line":3}},"f":{"0":3}}
,"C:\\Users\\wlad_\\mentora-me\\src\\app\\controllers\\mentor\\ListMentorController.js": {"path":"C:\\Users\\wlad_\\mentora-me\\src\\app\\controllers\\mentor\\ListMentorController.js","all":false,"statementMap":{"0":{"start":{"line":1,"column":0},"end":{"line":1,"column":72}},"1":{"start":{"line":2,"column":0},"end":{"line":2,"column":0}},"2":{"start":{"line":3,"column":0},"end":{"line":3,"column":28}},"3":{"start":{"line":4,"column":0},"end":{"line":4,"column":24}},"4":{"start":{"line":5,"column":0},"end":{"line":5,"column":9}},"5":{"start":{"line":6,"column":0},"end":{"line":6,"column":13}},"6":{"start":{"line":7,"column":0},"end":{"line":7,"column":13}},"7":{"start":{"line":8,"column":0},"end":{"line":8,"column":14}},"8":{"start":{"line":9,"column":0},"end":{"line":9,"column":17}},"9":{"start":{"line":10,"column":0},"end":{"line":10,"column":20}},"10":{"start":{"line":11,"column":0},"end":{"line":11,"column":13}},"11":{"start":{"line":12,"column":0},"end":{"line":12,"column":22}},"12":{"start":{"line":13,"column":0},"end":{"line":13,"column":21}},"13":{"start":{"line":14,"column":0},"end":{"line":14,"column":22}},"14":{"start":{"line":15,"column":0},"end":{"line":15,"column":21}},"15":{"start":{"line":16,"column":0},"end":{"line":16,"column":13}},"16":{"start":{"line":17,"column":0},"end":{"line":17,"column":20}},"17":{"start":{"line":18,"column":0},"end":{"line":18,"column":0}},"18":{"start":{"line":19,"column":0},"end":{"line":19,"column":39}},"19":{"start":{"line":20,"column":0},"end":{"line":20,"column":42}},"20":{"start":{"line":21,"column":0},"end":{"line":21,"column":21}},"21":{"start":{"line":22,"column":0},"end":{"line":22,"column":21}},"22":{"start":{"line":23,"column":0},"end":{"line":23,"column":48}},"23":{"start":{"line":24,"column":0},"end":{"line":24,"column":13}},"24":{"start":{"line":25,"column":0},"end":{"line":25,"column":14}},"25":{"start":{"line":26,"column":0},"end":{"line":26,"column":17}},"26":{"start":{"line":27,"column":0},"end":{"line":27,"column":20}},"27":{"start":{"line":28,"column":0},"end":{"line":28,"column":13}},"28":{"start":{"line":29,"column":0},"end":{"line":29,"column":22}},"29":{"start":{"line":30,"column":0},"end":{"line":30,"column":21}},"30":{"start":{"line":31,"column":0},"end":{"line":31,"column":22}},"31":{"start":{"line":32,"column":0},"end":{"line":32,"column":21}},"32":{"start":{"line":33,"column":0},"end":{"line":33,"column":13}},"33":{"start":{"line":34,"column":0},"end":{"line":34,"column":13}},"34":{"start":{"line":35,"column":0},"end":{"line":35,"column":14}},"35":{"start":{"line":36,"column":0},"end":{"line":36,"column":14}},"36":{"start":{"line":37,"column":0},"end":{"line":37,"column":13}},"37":{"start":{"line":38,"column":0},"end":{"line":38,"column":8}},"38":{"start":{"line":39,"column":0},"end":{"line":39,"column":0}},"39":{"start":{"line":40,"column":0},"end":{"line":40,"column":28}},"40":{"start":{"line":41,"column":0},"end":{"line":41,"column":21}},"41":{"start":{"line":42,"column":0},"end":{"line":42,"column":60}},"42":{"start":{"line":43,"column":0},"end":{"line":43,"column":5}},"43":{"start":{"line":44,"column":0},"end":{"line":44,"column":3}},"44":{"start":{"line":45,"column":0},"end":{"line":45,"column":1}},"45":{"start":{"line":46,"column":0},"end":{"line":46,"column":0}},"46":{"start":{"line":47,"column":0},"end":{"line":47,"column":42}}},"s":{"0":1,"1":1,"2":1,"3":1,"4":2,"5":2,"6":2,"7":2,"8":2,"9":2,"10":2,"11":2,"12":2,"13":2,"14":2,"15":2,"16":2,"17":2,"18":2,"19":2,"20":2,"21":2,"22":2,"23":2,"24":2,"25":2,"26":2,"27":2,"28":2,"29":2,"30":2,"31":2,"32":2,"33":2,"34":2,"35":2,"36":2,"37":2,"38":2,"39":2,"40":2,"41":0,"42":0,"43":2,"44":1,"45":1,"46":1},"branchMap":{"0":{"type":"branch","line":4,"loc":{"start":{"line":4,"column":3},"end":{"line":44,"column":3}},"locations":[{"start":{"line":4,"column":3},"end":{"line":44,"column":3}}]},"1":{"type":"branch","line":41,"loc":{"start":{"line":41,"column":7},"end":{"line":43,"column":5}},"locations":[{"start":{"line":41,"column":7},"end":{"line":43,"column":5}}]}},"b":{"0":[2],"1":[0]},"fnMap":{"0":{"name":"list","decl":{"start":{"line":4,"column":3},"end":{"line":44,"column":3}},"loc":{"start":{"line":4,"column":3},"end":{"line":44,"column":3}},"line":4}},"f":{"0":2}}
,"C:\\Users\\wlad_\\mentora-me\\src\\app\\controllers\\mentor\\ShowMentorController.js": {"path":"C:\\Users\\wlad_\\mentora-me\\src\\app\\controllers\\mentor\\ShowMentorController.js","all":false,"statementMap":{"0":{"start":{"line":1,"column":0},"end":{"line":1,"column":58}},"1":{"start":{"line":2,"column":0},"end":{"line":2,"column":46}},"2":{"start":{"line":3,"column":0},"end":{"line":3,"column":0}},"3":{"start":{"line":4,"column":0},"end":{"line":4,"column":28}},"4":{"start":{"line":5,"column":0},"end":{"line":5,"column":24}},"5":{"start":{"line":6,"column":0},"end":{"line":6,"column":9}},"6":{"start":{"line":7,"column":0},"end":{"line":7,"column":31}},"7":{"start":{"line":8,"column":0},"end":{"line":8,"column":43}},"8":{"start":{"line":9,"column":0},"end":{"line":9,"column":16}},"9":{"start":{"line":10,"column":0},"end":{"line":10,"column":13}},"10":{"start":{"line":11,"column":0},"end":{"line":11,"column":10}},"11":{"start":{"line":12,"column":0},"end":{"line":12,"column":21}},"12":{"start":{"line":13,"column":0},"end":{"line":13,"column":40}},"13":{"start":{"line":14,"column":0},"end":{"line":14,"column":10}},"14":{"start":{"line":15,"column":0},"end":{"line":15,"column":18}},"15":{"start":{"line":16,"column":0},"end":{"line":16,"column":30}},"16":{"start":{"line":17,"column":0},"end":{"line":17,"column":41}},"17":{"start":{"line":18,"column":0},"end":{"line":18,"column":10}},"18":{"start":{"line":19,"column":0},"end":{"line":19,"column":9}},"19":{"start":{"line":20,"column":0},"end":{"line":20,"column":20}},"20":{"start":{"line":21,"column":0},"end":{"line":21,"column":72}},"21":{"start":{"line":22,"column":0},"end":{"line":22,"column":7}},"22":{"start":{"line":23,"column":0},"end":{"line":23,"column":42}},"23":{"start":{"line":24,"column":0},"end":{"line":24,"column":21}},"24":{"start":{"line":25,"column":0},"end":{"line":25,"column":60}},"25":{"start":{"line":26,"column":0},"end":{"line":26,"column":5}},"26":{"start":{"line":27,"column":0},"end":{"line":27,"column":3}},"27":{"start":{"line":28,"column":0},"end":{"line":28,"column":1}},"28":{"start":{"line":29,"column":0},"end":{"line":29,"column":0}},"29":{"start":{"line":30,"column":0},"end":{"line":30,"column":42}}},"s":{"0":1,"1":1,"2":1,"3":1,"4":1,"5":2,"6":2,"7":2,"8":2,"9":2,"10":2,"11":2,"12":2,"13":2,"14":2,"15":2,"16":2,"17":2,"18":2,"19":2,"20":1,"21":1,"22":1,"23":2,"24":0,"25":0,"26":2,"27":1,"28":1,"29":1},"branchMap":{"0":{"type":"branch","line":5,"loc":{"start":{"line":5,"column":3},"end":{"line":27,"column":3}},"locations":[{"start":{"line":5,"column":3},"end":{"line":27,"column":3}}]},"1":{"type":"branch","line":21,"loc":{"start":{"line":21,"column":-2},"end":{"line":24,"column":7}},"locations":[{"start":{"line":21,"column":-2},"end":{"line":24,"column":7}}]},"2":{"type":"branch","line":24,"loc":{"start":{"line":24,"column":7},"end":{"line":26,"column":5}},"locations":[{"start":{"line":24,"column":7},"end":{"line":26,"column":5}}]}},"b":{"0":[2],"1":[1],"2":[0]},"fnMap":{"0":{"name":"show","decl":{"start":{"line":5,"column":3},"end":{"line":27,"column":3}},"loc":{"start":{"line":5,"column":3},"end":{"line":27,"column":3}},"line":5}},"f":{"0":2}}
[...]
},"end":{"line":30,"column":61}},"30":{"start":{"line":31,"column":0},"end":{"line":31,"column":56}},"31":{"start":{"line":32,"column":0},"end":{"line":32,"column":58}},"32":{"start":{"line":33,"column":0},"end":{"line":33,"column":59}},"33":{"start":{"line":34,"column":0},"end":{"line":34,"column":18}},"34":{"start":{"line":35,"column":0},"end":{"line":35,"column":27}},"35":{"start":{"line":36,"column":0},"end":{"line":36,"column":27}},"36":{"start":{"line":37,"column":0},"end":{"line":37,"column":25}},"37":{"start":{"line":38,"column":0},"end":{"line":38,"column":26}},"38":{"start":{"line":39,"column":0},"end":{"line":39,"column":22}},"39":{"start":{"line":40,"column":0},"end":{"line":40,"column":12}},"40":{"start":{"line":41,"column":0},"end":{"line":41,"column":9}},"41":{"start":{"line":42,"column":0},"end":{"line":42,"column":8}},"42":{"start":{"line":43,"column":0},"end":{"line":43,"column":5}},"43":{"start":{"line":44,"column":0},"end":{"line":44,"column":0}},"44":{"start":{"line":45,"column":0},"end":{"line":45,"column":14}},"45":{"start":{"line":46,"column":0},"end":{"line":46,"column":27}},"46":{"start":{"line":47,"column":0},"end":{"line":47,"column":23}},"47":{"start":{"line":48,"column":0},"end":{"line":48,"column":21}},"48":{"start":{"line":49,"column":0},"end":{"line":49,"column":40}},"49":{"start":{"line":50,"column":0},"end":{"line":50,"column":26}},"50":{"start":{"line":51,"column":0},"end":{"line":51,"column":9}},"51":{"start":{"line":52,"column":0},"end":{"line":52,"column":7}},"52":{"start":{"line":53,"column":0},"end":{"line":53,"column":1}},"53":{"start":{"line":54,"column":0},"end":{"line":54,"column":0}},"54":{"start":{"line":55,"column":0},"end":{"line":55,"column":31}}},"s":{"0":1,"1":1,"2":1,"3":1,"4":74,"5":74,"6":74,"7":74,"8":74,"9":74,"10":74,"11":74,"12":74,"13":74,"14":74,"15":74,"16":74,"17":74,"18":74,"19":74,"20":74,"21":74,"22":74,"23":74,"24":74,"25":74,"26":74,"27":74,"28":74,"29":74,"30":74,"31":74,"32":74,"33":74,"34":74,"35":74,"36":74,"37":74,"38":0,"39":74,"40":74,"41":74,"42":74,"43":74,"44":74,"45":74,"46":74,"47":74,"48":3,"49":3,"50":3,"51":74,"52":74,"53":1,"54":1},"branchMap":{"0":{"type":"branch","line":4,"loc":{"start":{"line":4,"column":1},"end":{"line":53,"column":1}},"locations":[{"start":{"line":4,"column":1},"end":{"line":53,"column":1}}]},"1":{"type":"branch","line":28,"loc":{"start":{"line":28,"column":9},"end":{"line":41,"column":9}},"locations":[{"start":{"line":28,"column":9},"end":{"line":41,"column":9}}]},"2":{"type":"branch","line":37,"loc":{"start":{"line":37,"column":24},"end":{"line":38,"column":24}},"locations":[{"start":{"line":37,"column":24},"end":{"line":38,"column":24}}]},"3":{"type":"branch","line":38,"loc":{"start":{"line":38,"column":25},"end":{"line":39,"column":22}},"locations":[{"start":{"line":38,"column":25},"end":{"line":39,"column":22}}]},"4":{"type":"branch","line":47,"loc":{"start":{"line":47,"column":11},"end":{"line":47,"column":23}},"locations":[{"start":{"line":47,"column":11},"end":{"line":47,"column":23}}]},"5":{"type":"branch","line":48,"loc":{"start":{"line":48,"column":12},"end":{"line":52,"column":6}},"locations":[{"start":{"line":48,"column":12},"end":{"line":52,"column":6}}]}},"b":{"0":[74],"1":[74],"2":[0],"3":[0],"4":[71],"5":[3]},"fnMap":{"0":{"name":"mentorValidator","decl":{"start":{"line":4,"column":1},"end":{"line":53,"column":1}},"loc":{"start":{"line":4,"column":1},"end":{"line":53,"column":1}},"line":4}},"f":{"0":74}}
,"C:\\Users\\wlad_\\mentora-me\\src\\middlewares\\mentorshipValidator.js": {"path":"C:\\Users\\wlad_\\mentora-me\\src\\middlewares\\mentorshipValidator.js","all":false,"statementMap":{"0":{"start":{"line":1,"column":0},"end":{"line":1,"column":27}},"1":{"start":{"line":2,"column":0},"end":{"line":2,"column":44}},"2":{"start":{"line":3,"column":0},"end":{"line":3,"column":0}},"3":{"start":{"line":4,"column":0},"end":{"line":4,"column":61}},"4":{"start":{"line":5,"column":0},"end":{"line":5,"column":37}},"5":{"start":{"line":6,"column":0},"end":{"line":6,"column":53}},"6":{"start":{"line":7,"column":0},"end":{"line":7,"column":0}},"7":{"start":{"line":8,"column":0},"end":{"line":8,"column":14}},"8":{"start":{"line":9,"column":0},"end":{"line":9,"column":15}},"9":{"start":{"line":10,"column":0},"end":{"line":10,"column":37}},"10":{"start":{"line":11,"column":0},"end":{"line":11,"column":52}},"11":{"start":{"line":12,"column":0},"end":{"line":12,"column":5}},"12":{"start":{"line":13,"column":0},"end":{"line":13,"column":0}},"13":{"start":{"line":14,"column":0},"end":{"line":14,"column":14}},"14":{"start":{"line":15,"column":0},"end":{"line":15,"column":27}},"15":{"start":{"line":16,"column":0},"end":{"line":16,"column":23}},"16":{"start":{"line":17,"column":0},"end":{"line":17,"column":21}},"17":{"start":{"line":18,"column":0},"end":{"line":18,"column":40}},"18":{"start":{"line":19,"column":0},"end":{"line":19,"column":26}},"19":{"start":{"line":20,"column":0},"end":{"line":20,"column":9}},"20":{"start":{"line":21,"column":0},"end":{"line":21,"column":7}},"21":{"start":{"line":22,"column":0},"end":{"line":22,"column":1}},"22":{"start":{"line":23,"column":0},"end":{"line":23,"column":0}},"23":{"start":{"line":24,"column":0},"end":{"line":24,"column":35}}},"s":{"0":1,"1":1,"2":1,"3":1,"4":25,"5":25,"6":25,"7":25,"8":25,"9":25,"10":25,"11":25,"12":25,"13":25,"14":25,"15":25,"16":25,"17":2,"18":2,"19":2,"20":25,"21":25,"22":1,"23":1},"branchMap":{"0":{"type":"branch","line":4,"loc":{"start":{"line":4,"column":1},"end":{"line":22,"column":1}},"locations":[{"start":{"line":4,"column":1},"end":{"line":22,"column":1}}]},"1":{"type":"branch","line":16,"loc":{"start":{"line":16,"column":11},"end":{"line":16,"column":23}},"locations":[{"start":{"line":16,"column":11},"end":{"line":16,"column":23}}]},"2":{"type":"branch","line":17,"loc":{"start":{"line":17,"column":12},"end":{"line":21,"column":6}},"locations":[{"start":{"line":17,"column":12},"end":{"line":21,"column":6}}]}},"b":{"0":[25],"1":[23],"2":[2]},"fnMap":{"0":{"name":"mentorshipValidator","decl":{"start":{"line":4,"column":1},"end":{"line":22,"column":1}},"loc":{"start":{"line":4,"column":1},"end":{"line":22,"column":1}},"line":4}},"f":{"0":25}}
,"C:\\Users\\wlad_\\mentora-me\\src\\middlewares\\particularsValidator.js": {"path":"C:\\Users\\wlad_\\mentora-me\\src\\middlewares\\particularsValidator.js","all":false,"statementMap":{"0":{"start":{"line":1,"column":0},"end":{"line":1,"column":27}},"1":{"start":{"line":2,"column":0},"end":{"line":2,"column":44}},"2":{"start":{"line":3,"column":0},"end":{"line":3,"column":0}},"3":{"start":{"line":4,"column":0},"end":{"line":4,"column":62}},"4":{"start":{"line":5,"column":0},"end":{"line":5,"column":37}},"5":{"start":{"line":6,"column":0},"end":{"line":6,"column":18}},"6":{"start":{"line":7,"column":0},"end":{"line":7,"column":15}},"7":{"start":{"line":8,"column":0},"end":{"line":8,"column":57}},"8":{"start":{"line":9,"column":0},"end":{"line":9,"column":67}},"9":{"start":{"line":10,"column":0},"end":{"line":10,"column":15}},"10":{"start":{"line":11,"column":0},"end":{"line":11,"column":15}},"11":{"start":{"line":12,"column":0},"end":{"line":12,"column":53}},"12":{"start":{"line":13,"column":0},"end":{"line":13,"column":67}},"13":{"start":{"line":14,"column":0},"end":{"line":14,"column":17}},"14":{"start":{"line":15,"column":0},"end":{"line":15,"column":15}},"15":{"start":{"line":16,"column":0},"end":{"line":16,"column":55}},"16":{"start":{"line":17,"column":0},"end":{"line":17,"column":67}},"17":{"start":{"line":18,"column":0},"end":{"line":18,"column":25}},"18":{"start":{"line":19,"column":0},"end":{"line":19,"column":15}},"19":{"start":{"line":20,"column":0},"end":{"line":20,"column":65}},"20":{"start":{"line":21,"column":0},"end":{"line":21,"column":67}},"21":{"start":{"line":22,"column":0},"end":{"line":22,"column":28}},"22":{"start":{"line":23,"column":0},"end":{"line":23,"column":15}},"23":{"start":{"line":24,"column":0},"end":{"line":24,"column":67}},"24":{"start":{"line":25,"column":0},"end":{"line":25,"column":67}},"25":{"start":{"line":26,"column":0},"end":{"line":26,"column":15}},"26":{"start":{"line":27,"column":0},"end":{"line":27,"column":15}},"27":{"start":{"line":28,"column":0},"end":{"line":28,"column":53}},"28":{"start":{"line":29,"column":0},"end":{"line":29,"column":67}},"29":{"start":{"line":30,"column":0},"end":{"line":30,"column":23}},"30":{"start":{"line":31,"column":0},"end":{"line":31,"column":15}},"31":{"start":{"line":32,"column":0},"end":{"line":32,"column":62}},"32":{"start":{"line":33,"column":0},"end":{"line":33,"column":67}},"33":{"start":{"line":34,"column":0},"end":{"line":34,"column":5}},"34":{"start":{"line":35,"column":0},"end":{"line":35,"column":0}},"35":{"start":{"line":36,"column":0},"end":{"line":36,"column":14}},"36":{"start":{"line":37,"column":0},"end":{"line":37,"column":27}},"37":{"start":{"line":38,"column":0},"end":{"line":38,"column":23}},"38":{"start":{"line":39,"column":0},"end":{"line":39,"column":21}},"39":{"start":{"line":40,"column":0},"end":{"line":40,"column":40}},"40":{"start":{"line":41,"column":0},"end":{"line":41,"column":26}},"41":{"start":{"line":42,"column":0},"end":{"line":42,"column":9}},"42":{"start":{"line":43,"column":0},"end":{"line":43,"column":7}},"43":{"start":{"line":44,"column":0},"end":{"line":44,"column":1}},"44":{"start":{"line":45,"column":0},"end":{"line":45,"column":0}},"45":{"start":{"line":46,"column":0},"end":{"line":46,"column":36}}},"s":{"0":1,"1":1,"2":1,"3":1,"4":41,"5":41,"6":41,"7":41,"8":41,"9":41,"10":41,"11":41,"12":41,"13":41,"14":41,"15":41,"16":41,"17":41,"18":41,"19":41,"20":41,"21":41,"22":41,"23":41,"24":41,"25":41,"26":41,"27":41,"28":41,"29":41,"30":41,"31":41,"32":41,"33":41,"34":41,"35":41,"36":41,"37":41,"38":41,"39":4,"40":4,"41":4,"42":41,"43":41,"44":1,"45":1},"branchMap":{"0":{"type":"branch","line":4,"loc":{"start":{"line":4,"column":1},"end":{"line":44,"column":1}},"locations":[{"start":{"line":4,"column":1},"end":{"line":44,"column":1}}]},"1":{"type":"branch","line":38,"loc":{"start":{"line":38,"column":11},"end":{"line":38,"column":23}},"locations":[{"start":{"line":38,"column":11},"end":{"line":38,"column":23}}]},"2":{"type":"branch","line":39,"loc":{"start":{"line":39,"column":12},"end":{"line":43,"column":6}},"locations":[{"start":{"line":39,"column":12},"end":{"line":43,"column":6}}]}},"b":{"0":[41],"1":[37],"2":[4]},"fnMap":{"0":{"name":"particularsValidator","decl":{"start":{"line":4,"column":1},"end":{"line":44,"column":1}},"loc":{"start":{"line":4,"column":1},"end":{"line":44,"column":1}},"line":4}},"f":{"0":41}}
,"C:\\Users\\wlad_\\mentora-me\\src\\middlewares\\studentValidator.js": {"path":"C:\\Users\\wlad_\\mentora-me\\src\\middlewares\\studentValidator.js","all":false,"statementMap":{"0":{"start":{"line":1,"column":0},"end":{"line":1,"column":27}},"1":{"start":{"line":2,"column":0},"end":{"line":2,"column":44}},"2":{"start":{"line":3,"column":0},"end":{"line":3,"column":0}},"3":{"start":{"line":4,"column":0},"end":{"line":4,"column":58}},"4":{"start":{"line":5,"column":0},"end":{"line":5,"column":37}},"5":{"start":{"line":6,"column":0},"end":{"line":6,"column":13}},"6":{"start":{"line":7,"column":0},"end":{"line":7,"column":15}},"7":{"start":{"line":8,"column":0},"end":{"line":8,"column":42}},"8":{"start":{"line":9,"column":0},"end":{"line":9,"column":44}},"9":{"start":{"line":10,"column":0},"end":{"line":10,"column":12}},"10":{"start":{"line":11,"column":0},"end":{"line":11,"column":15}},"11":{"start":{"line":12,"column":0},"end":{"line":12,"column":40}},"12":{"start":{"line":13,"column":0},"end":{"line":13,"column":47}},"13":{"start":{"line":14,"column":0},"end":{"line":14,"column":14}},"14":{"start":{"line":15,"column":0},"end":{"line":15,"column":15}},"15":{"start":{"line":16,"column":0},"end":{"line":16,"column":45}},"16":{"start":{"line":17,"column":0},"end":{"line":17,"column":55}},"17":{"start":{"line":18,"column":0},"end":{"line":18,"column":5}},"18":{"start":{"line":19,"column":0},"end":{"line":19,"column":0}},"19":{"start":{"line":20,"column":0},"end":{"line":20,"column":14}},"20":{"start":{"line":21,"column":0},"end":{"line":21,"column":27}},"21":{"start":{"line":22,"column":0},"end":{"line":22,"column":23}},"22":{"start":{"line":23,"column":0},"end":{"line":23,"column":21}},"23":{"start":{"line":24,"column":0},"end":{"line":24,"column":40}},"24":{"start":{"line":25,"column":0},"end":{"line":25,"column":26}},"25":{"start":{"line":26,"column":0},"end":{"line":26,"column":9}},"26":{"start":{"line":27,"column":0},"end":{"line":27,"column":7}},"27":{"start":{"line":28,"column":0},"end":{"line":28,"column":1}},"28":{"start":{"line":29,"column":0},"end":{"line":29,"column":0}},"29":{"start":{"line":30,"column":0},"end":{"line":30,"column":32}}},"s":{"0":1,"1":1,"2":1,"3":1,"4":56,"5":56,"6":56,"7":56,"8":56,"9":56,"10":56,"11":56,"12":56,"13":56,"14":56,"15":56,"16":56,"17":56,"18":56,"19":56,"20":56,"21":56,"22":56,"23":3,"24":3,"25":3,"26":56,"27":56,"28":1,"29":1},"branchMap":{"0":{"type":"branch","line":4,"loc":{"start":{"line":4,"column":1},"end":{"line":28,"column":1}},"locations":[{"start":{"line":4,"column":1},"end":{"line":28,"column":1}}]},"1":{"type":"branch","line":22,"loc":{"start":{"line":22,"column":11},"end":{"line":22,"column":23}},"locations":[{"start":{"line":22,"column":11},"end":{"line":22,"column":23}}]},"2":{"type":"branch","line":23,"loc":{"start":{"line":23,"column":12},"end":{"line":27,"column":6}},"locations":[{"start":{"line":23,"column":12},"end":{"line":27,"column":6}}]}},"b":{"0":[56],"1":[53],"2":[3]},"fnMap":{"0":{"name":"studentValidator","decl":{"start":{"line":4,"column":1},"end":{"line":28,"column":1}},"loc":{"start":{"line":4,"column":1},"end":{"line":28,"column":1}},"line":4}},"f":{"0":56}}
,"C:\\Users\\wlad_\\mentora-me\\src\\middlewares\\userValidator.js": {"path":"C:\\Users\\wlad_\\mentora-me\\src\\middlewares\\userValidator.js","all":false,"statementMap":{"0":{"start":{"line":1,"column":0},"end":{"line":1,"column":27}},"1":{"start":{"line":2,"column":0},"end":{"line":2,"column":44}},"2":{"start":{"line":3,"column":0},"end":{"line":3,"column":0}},"3":{"start":{"line":4,"column":0},"end":{"line":4,"column":55}},"4":{"start":{"line":5,"column":0},"end":{"line":5,"column":37}},"5":{"start":{"line":6,"column":0},"end":{"line":6,"column":14}},"6":{"start":{"line":7,"column":0},"end":{"line":7,"column":15}},"7":{"start":{"line":8,"column":0},"end":{"line":8,"column":31}},"8":{"start":{"line":9,"column":0},"end":{"line":9,"column":43}},"9":{"start":{"line":10,"column":0},"end":{"line":10,"column":17}},"10":{"start":{"line":11,"column":0},"end":{"line":11,"column":15}},"11":{"start":{"line":12,"column":0},"end":{"line":12,"column":43}},"12":{"start":{"line":13,"column":0},"end":{"line":13,"column":15}},"13":{"start":{"line":14,"column":0},"end":{"line":14,"column":23}},"14":{"start":{"line":15,"column":0},"end":{"line":15,"column":76}},"15":{"start":{"line":16,"column":0},"end":{"line":16,"column":8}},"16":{"start":{"line":17,"column":0},"end":{"line":17,"column":29}},"17":{"start":{"line":18,"column":0},"end":{"line":18,"column":15}},"18":{"start":{"line":19,"column":0},"end":{"line":19,"column":47}},"19":{"start":{"line":20,"column":0},"end":{"line":20,"column":72}},"20":{"start":{"line":21,"column":0},"end":{"line":21,"column":18}},"21":{"start":{"line":22,"column":0},"end":{"line":22,"column":15}},"22":{"start":{"line":23,"column":0},"end":{"line":23,"column":36}},"23":{"start":{"line":24,"column":0},"end":{"line":24,"column":78}},"24":{"start":{"line":25,"column":0},"end":{"line":25,"column":72}},"25":{"start":{"line":26,"column":0},"end":{"line":26,"column":9}},"26":{"start":{"line":27,"column":0},"end":{"line":27,"column":5}},"27":{"start":{"line":28,"column":0},"end":{"line":28,"column":0}},"28":{"start":{"line":29,"column":0},"end":{"line":29,"column":14}},"29":{"start":{"line":30,"column":0},"end":{"line":30,"column":27}},"30":{"start":{"line":31,"column":0},"end":{"line":31,"column":23}},"31":{"start":{"line":32,"column":0},"end":{"line":32,"column":21}},"32":{"start":{"line":33,"column":0},"end":{"line":33,"column":40}},"33":{"start":{"line":34,"column":0},"end":{"line":34,"column":26}},"34":{"start":{"line":35,"column":0},"end":{"line":35,"column":9}},"35":{"start":{"line":36,"column":0},"end":{"line":36,"column":7}},"36":{"start":{"line":37,"column":0},"end":{"line":37,"column":1}},"37":{"start":{"line":38,"column":0},"end":{"line":38,"column":0}},"38":{"start":{"line":39,"column":0},"end":{"line":39,"column":29}}},"s":{"0":1,"1":1,"2":1,"3":1,"4":185,"5":185,"6":185,"7":185,"8":185,"9":185,"10":185,"11":185,"12":185,"13":185,"14":185,"15":185,"16":185,"17":185,"18":185,"19":185,"20":185,"21":185,"22":185,"23":185,"24":185,"25":185,"26":185,"27":185,"28":185,"29":185,"30":185,"31":185,"32":3,"33":3,"34":3,"35":185,"36":185,"37":1,"38":1},"branchMap":{"0":{"type":"branch","line":4,"loc":{"start":{"line":4,"column":1},"end":{"line":37,"column":1}},"locations":[{"start":{"line":4,"column":1},"end":{"line":37,"column":1}}]},"1":{"type":"branch","line":24,"loc":{"start":{"line":24,"column":67},"end":{"line":26,"column":8}},"locations":[{"start":{"line":24,"column":67},"end":{"line":26,"column":8}}]},"2":{"type":"branch","line":25,"loc":{"start":{"line":25,"column":36},"end":{"line":25,"column":57}},"locations":[{"start":{"line":25,"column":36},"end":{"line":25,"column":57}}]},"3":{"type":"branch","line":25,"loc":{"start":{"line":25,"column":58},"end":{"line":25,"column":65}},"locations":[{"start":{"line":25,"column":58},"end":{"line":25,"column":65}}]},"4":{"type":"branch","line":25,"loc":{"start":{"line":25,"column":66},"end":{"line":25,"column":72}},"locations":[{"start":{"line":25,"column":66},"end":{"line":25,"column":72}}]},"5":{"type":"branch","line":31,"loc":{"start":{"line":31,"column":11},"end":{"line":31,"column":23}},"locations":[{"start":{"line":31,"column":11},"end":{"line":31,"column":23}}]},"6":{"type":"branch","line":32,"loc":{"start":{"line":32,"column":12},"end":{"line":36,"column":6}},"locations":[{"start":{"line":32,"column":12},"end":{"line":36,"column":6}}]}},"b":{"0":[185],"1":[185],"2":[87],"3":[1],"4":[184],"5":[182],"6":[3]},"fnMap":{"0":{"name":"userValidator","decl":{"start":{"line":4,"column":1},"end":{"line":37,"column":1}},"loc":{"start":{"line":4,"column":1},"end":{"line":37,"column":1}},"line":4}},"f":{"0":185}}
,"C:\\Users\\wlad_\\mentora-me\\utils\\destroyModelData.js": {"path":"C:\\Users\\wlad_\\mentora-me\\utils\\destroyModelData.js","all":false,"statementMap":{"0":{"start":{"line":1,"column":0},"end":{"line":1,"column":47}},"1":{"start":{"line":2,"column":0},"end":{"line":2,"column":51}},"2":{"start":{"line":3,"column":0},"end":{"line":3,"column":53}},"3":{"start":{"line":4,"column":0},"end":{"line":4,"column":63}},"4":{"start":{"line":5,"column":0},"end":{"line":5,"column":83}},"5":{"start":{"line":6,"column":0},"end":{"line":6,"column":0}},"6":{"start":{"line":7,"column":0},"end":{"line":7,"column":38}},"7":{"start":{"line":8,"column":0},"end":{"line":8,"column":38}},"8":{"start":{"line":9,"column":0},"end":{"line":9,"column":39}},"9":{"start":{"line":10,"column":0},"end":{"line":10,"column":44}},"10":{"start":{"line":11,"column":0},"end":{"line":11,"column":36}},"11":{"start":{"line":12,"column":0},"end":{"line":12,"column":2}},"12":{"start":{"line":13,"column":0},"end":{"line":13,"column":32}}},"s":{"0":1,"1":1,"2":1,"3":1,"4":1,"5":1,"6":1,"7":140,"8":140,"9":140,"10":140,"11":140,"12":1},"branchMap":{"0":{"type":"branch","line":7,"loc":{"start":{"line":7,"column":26},"end":{"line":12,"column":2}},"locations":[{"start":{"line":7,"column":26},"end":{"line":12,"column":2}}]}},"b":{"0":[140]},"fnMap":{"0":{"name":"destroyModelData","decl":{"start":{"line":7,"column":26},"end":{"line":12,"column":2}},"loc":{"start":{"line":7,"column":26},"end":{"line":12,"column":2}},"line":7}},"f":{"0":140}}
}
